[0.010s] Invoking command in '/home/parallels/ros2_ws/src/build/ur3_cartesian_motion': CMAKE_PREFIX_PATH=${CMAKE_PREFIX_PATH}:/home/parallels/ros2_ws/install/drink_memory:/opt/ros/humble /usr/bin/cmake --build /home/parallels/ros2_ws/src/build/ur3_cartesian_motion -- -j2 -l2
[0.168s] [100%] Built target ur3_cartesian_motion_node
[0.175s] Invoked command in '/home/parallels/ros2_ws/src/build/ur3_cartesian_motion' returned '0': CMAKE_PREFIX_PATH=${CMAKE_PREFIX_PATH}:/home/parallels/ros2_ws/install/drink_memory:/opt/ros/humble /usr/bin/cmake --build /home/parallels/ros2_ws/src/build/ur3_cartesian_motion -- -j2 -l2
[0.182s] Invoking command in '/home/parallels/ros2_ws/src/build/ur3_cartesian_motion': CMAKE_PREFIX_PATH=${CMAKE_PREFIX_PATH}:/home/parallels/ros2_ws/install/drink_memory:/opt/ros/humble /usr/bin/cmake --install /home/parallels/ros2_ws/src/build/ur3_cartesian_motion
[0.186s] -- Install configuration: ""
[0.186s] -- Up-to-date: /home/parallels/ros2_ws/src/install/ur3_cartesian_motion/lib/ur3_cartesian_motion/ur3_cartesian_motion_node
[0.186s] -- Up-to-date: /home/parallels/ros2_ws/src/install/ur3_cartesian_motion/share/ament_index/resource_index/package_run_dependencies/ur3_cartesian_motion
[0.187s] -- Up-to-date: /home/parallels/ros2_ws/src/install/ur3_cartesian_motion/share/ament_index/resource_index/parent_prefix_path/ur3_cartesian_motion
[0.187s] -- Up-to-date: /home/parallels/ros2_ws/src/install/ur3_cartesian_motion/share/ur3_cartesian_motion/environment/ament_prefix_path.sh
[0.187s] -- Up-to-date: /home/parallels/ros2_ws/src/install/ur3_cartesian_motion/share/ur3_cartesian_motion/environment/ament_prefix_path.dsv
[0.187s] -- Up-to-date: /home/parallels/ros2_ws/src/install/ur3_cartesian_motion/share/ur3_cartesian_motion/environment/path.sh
[0.187s] -- Up-to-date: /home/parallels/ros2_ws/src/install/ur3_cartesian_motion/share/ur3_cartesian_motion/environment/path.dsv
[0.187s] -- Up-to-date: /home/parallels/ros2_ws/src/install/ur3_cartesian_motion/share/ur3_cartesian_motion/local_setup.bash
[0.188s] -- Up-to-date: /home/parallels/ros2_ws/src/install/ur3_cartesian_motion/share/ur3_cartesian_motion/local_setup.sh
[0.188s] -- Up-to-date: /home/parallels/ros2_ws/src/install/ur3_cartesian_motion/share/ur3_cartesian_motion/local_setup.zsh
[0.188s] -- Up-to-date: /home/parallels/ros2_ws/src/install/ur3_cartesian_motion/share/ur3_cartesian_motion/local_setup.dsv
[0.188s] -- Installing: /home/parallels/ros2_ws/src/install/ur3_cartesian_motion/share/ur3_cartesian_motion/package.dsv
[0.188s] -- Up-to-date: /home/parallels/ros2_ws/src/install/ur3_cartesian_motion/share/ament_index/resource_index/packages/ur3_cartesian_motion
[0.188s] -- Up-to-date: /home/parallels/ros2_ws/src/install/ur3_cartesian_motion/share/ur3_cartesian_motion/cmake/ur3_cartesian_motionConfig.cmake
[0.188s] -- Up-to-date: /home/parallels/ros2_ws/src/install/ur3_cartesian_motion/share/ur3_cartesian_motion/cmake/ur3_cartesian_motionConfig-version.cmake
[0.188s] -- Up-to-date: /home/parallels/ros2_ws/src/install/ur3_cartesian_motion/share/ur3_cartesian_motion/package.xml
[0.192s] Invoked command in '/home/parallels/ros2_ws/src/build/ur3_cartesian_motion' returned '0': CMAKE_PREFIX_PATH=${CMAKE_PREFIX_PATH}:/home/parallels/ros2_ws/install/drink_memory:/opt/ros/humble /usr/bin/cmake --install /home/parallels/ros2_ws/src/build/ur3_cartesian_motion
