[0.009s] Invoking command in '/home/rhys/ros2_ws/src/RS2/visual/build/visual': CMAKE_PREFIX_PATH=${CMAKE_PREFIX_PATH}:/home/rhys/ros2_ws/install/turtlebot3_teleop:/home/rhys/ros2_ws/install/turtlebot3_example:/home/rhys/ros2_ws/install/drone_control:/opt/ros/humble /usr/bin/cmake /home/rhys/ros2_ws/src/RS2/visual -DCMAKE_INSTALL_PREFIX=/home/rhys/ros2_ws/src/RS2/visual/install/visual
[0.053s] -- The C compiler identification is GNU 11.4.0
[0.128s] -- The CXX compiler identification is GNU 11.4.0
[0.142s] -- Detecting C compiler ABI info
[0.201s] -- Detecting C compiler ABI info - done
[0.206s] -- Check for working C compiler: /usr/bin/cc - skipped
[0.207s] -- Detecting C compile features
[0.208s] -- Detecting C compile features - done
[0.211s] -- Detecting CXX compiler ABI info
[0.275s] -- Detecting CXX compiler ABI info - done
[0.281s] -- Check for working CXX compiler: /usr/bin/c++ - skipped
[0.281s] -- Detecting CXX compile features
[0.281s] -- Detecting CXX compile features - done
[0.340s] -- Found ament_cmake: 1.3.11 (/opt/ros/humble/share/ament_cmake/cmake)
[0.639s] -- Found Python3: /usr/bin/python3 (found version "3.10.12") found components: Interpreter 
[0.777s] -- Found rclcpp: 16.0.11 (/opt/ros/humble/share/rclcpp/cmake)
[0.892s] -- Found rosidl_generator_c: 3.1.6 (/opt/ros/humble/share/rosidl_generator_c/cmake)
[0.903s] -- Found rosidl_adapter: 3.1.6 (/opt/ros/humble/share/rosidl_adapter/cmake)
[0.921s] -- Found rosidl_generator_cpp: 3.1.6 (/opt/ros/humble/share/rosidl_generator_cpp/cmake)
[0.952s] -- Using all available rosidl_typesupport_c: rosidl_typesupport_fastrtps_c;rosidl_typesupport_introspection_c
[0.981s] -- Using all available rosidl_typesupport_cpp: rosidl_typesupport_fastrtps_cpp;rosidl_typesupport_introspection_cpp
[1.075s] -- Found rmw_implementation_cmake: 6.1.2 (/opt/ros/humble/share/rmw_implementation_cmake/cmake)
[1.082s] -- Found rmw_fastrtps_cpp: 6.2.7 (/opt/ros/humble/share/rmw_fastrtps_cpp/cmake)
[1.244s] -- Found OpenSSL: /usr/lib/x86_64-linux-gnu/libcrypto.so (found version "3.0.2")  
[1.275s] -- Found FastRTPS: /opt/ros/humble/include  
[1.313s] -- Using RMW implementation 'rmw_fastrtps_cpp' as default
[1.332s] -- Looking for pthread.h
[1.412s] -- Looking for pthread.h - found
[1.413s] -- Performing Test CMAKE_HAVE_LIBC_PTHREAD
[1.471s] -- Performing Test CMAKE_HAVE_LIBC_PTHREAD - Success
[1.472s] -- Found Threads: TRUE  
[1.555s] -- Found sensor_msgs: 4.2.4 (/opt/ros/humble/share/sensor_msgs/cmake)
[1.606s] -- Found vision_msgs: 4.1.1 (/opt/ros/humble/share/vision_msgs/cmake)
[1.628s] -- Found cv_bridge: 3.2.1 (/opt/ros/humble/share/cv_bridge/cmake)
[1.651s] -- Found image_transport: 3.1.10 (/opt/ros/humble/share/image_transport/cmake)
[1.709s] -- Found OpenCV: /usr (found version "4.5.4") found components: core imgproc dnn 
[1.785s] -- Configuring done
[1.815s] -- Generating done
[1.825s] -- Build files have been written to: /home/rhys/ros2_ws/src/RS2/visual/build/visual
[1.834s] Invoked command in '/home/rhys/ros2_ws/src/RS2/visual/build/visual' returned '0': CMAKE_PREFIX_PATH=${CMAKE_PREFIX_PATH}:/home/rhys/ros2_ws/install/turtlebot3_teleop:/home/rhys/ros2_ws/install/turtlebot3_example:/home/rhys/ros2_ws/install/drone_control:/opt/ros/humble /usr/bin/cmake /home/rhys/ros2_ws/src/RS2/visual -DCMAKE_INSTALL_PREFIX=/home/rhys/ros2_ws/src/RS2/visual/install/visual
[1.836s] Invoking command in '/home/rhys/ros2_ws/src/RS2/visual/build/visual': CMAKE_PREFIX_PATH=${CMAKE_PREFIX_PATH}:/home/rhys/ros2_ws/install/turtlebot3_teleop:/home/rhys/ros2_ws/install/turtlebot3_example:/home/rhys/ros2_ws/install/drone_control:/opt/ros/humble /usr/bin/cmake --build /home/rhys/ros2_ws/src/RS2/visual/build/visual -- -j16 -l16
[1.880s] [ 33%] [32mBuilding CXX object CMakeFiles/fusion_node.dir/src/main.cpp.o[0m
[1.880s] [ 33%] [32mBuilding CXX object CMakeFiles/camera_node.dir/src/camera_node.cpp.o[0m
[1.880s] [ 33%] [32mBuilding CXX object CMakeFiles/cartesian.dir/src/Cartesian.cpp.o[0m
[1.880s] [ 41%] [32mBuilding CXX object CMakeFiles/esky_detector.dir/src/EskyDetector.cpp.o[0m
[1.880s] [ 50%] [32mBuilding CXX object CMakeFiles/brand_recognition.dir/src/BrandRecognition.cpp.o[0m
[1.880s] [ 50%] [32mBuilding CXX object CMakeFiles/bottle_detector_ort.dir/src/BottleDetector.cpp.o[0m
[8.176s] [ 58%] [32m[1mLinking CXX executable camera_node[0m
[10.624s] [ 58%] Built target camera_node
[12.066s] [ 66%] [32m[1mLinking CXX executable cartesian[0m
[12.105s] [ 75%] [32m[1mLinking CXX executable brand_recognition[0m
[12.221s] [ 83%] [32m[1mLinking CXX executable bottle_detector_ort[0m
[12.330s] [ 91%] [32m[1mLinking CXX executable esky_detector[0m
[12.467s] [ 91%] Built target cartesian
[12.658s] [ 91%] Built target brand_recognition
[12.686s] [ 91%] Built target bottle_detector_ort
[12.725s] [ 91%] Built target esky_detector
[15.815s] [100%] [32m[1mLinking CXX executable fusion_node[0m
[15.992s] [100%] Built target fusion_node
[16.002s] Invoked command in '/home/rhys/ros2_ws/src/RS2/visual/build/visual' returned '0': CMAKE_PREFIX_PATH=${CMAKE_PREFIX_PATH}:/home/rhys/ros2_ws/install/turtlebot3_teleop:/home/rhys/ros2_ws/install/turtlebot3_example:/home/rhys/ros2_ws/install/drone_control:/opt/ros/humble /usr/bin/cmake --build /home/rhys/ros2_ws/src/RS2/visual/build/visual -- -j16 -l16
[16.012s] Invoking command in '/home/rhys/ros2_ws/src/RS2/visual/build/visual': CMAKE_PREFIX_PATH=${CMAKE_PREFIX_PATH}:/home/rhys/ros2_ws/install/turtlebot3_teleop:/home/rhys/ros2_ws/install/turtlebot3_example:/home/rhys/ros2_ws/install/drone_control:/opt/ros/humble /usr/bin/cmake --install /home/rhys/ros2_ws/src/RS2/visual/build/visual
[16.018s] -- Install configuration: ""
[16.019s] -- Installing: /home/rhys/ros2_ws/src/RS2/visual/install/visual/share/visual/model
[16.019s] -- Installing: /home/rhys/ros2_ws/src/RS2/visual/install/visual/share/visual/model/best_flat.onnx
[16.842s] -- Installing: /home/rhys/ros2_ws/src/RS2/visual/install/visual/share/visual/model/brand_cls.onnx
[16.850s] -- Installing: /home/rhys/ros2_ws/src/RS2/visual/install/visual/share/visual/model/best.onnx
[17.692s] -- Installing: /home/rhys/ros2_ws/src/RS2/visual/install/visual/lib/visual/camera_node
[17.693s] -- Set runtime path of "/home/rhys/ros2_ws/src/RS2/visual/install/visual/lib/visual/camera_node" to ""
[17.693s] -- Installing: /home/rhys/ros2_ws/src/RS2/visual/install/visual/lib/visual/esky_detector
[17.694s] -- Set runtime path of "/home/rhys/ros2_ws/src/RS2/visual/install/visual/lib/visual/esky_detector" to ""
[17.694s] -- Installing: /home/rhys/ros2_ws/src/RS2/visual/install/visual/lib/visual/bottle_detector_ort
[17.695s] -- Set runtime path of "/home/rhys/ros2_ws/src/RS2/visual/install/visual/lib/visual/bottle_detector_ort" to ""
[17.695s] -- Installing: /home/rhys/ros2_ws/src/RS2/visual/install/visual/lib/visual/cartesian
[17.696s] -- Set runtime path of "/home/rhys/ros2_ws/src/RS2/visual/install/visual/lib/visual/cartesian" to ""
[17.696s] -- Installing: /home/rhys/ros2_ws/src/RS2/visual/install/visual/lib/visual/brand_recognition
[17.697s] -- Set runtime path of "/home/rhys/ros2_ws/src/RS2/visual/install/visual/lib/visual/brand_recognition" to ""
[17.697s] -- Installing: /home/rhys/ros2_ws/src/RS2/visual/install/visual/lib/visual/fusion_node
[17.698s] -- Set runtime path of "/home/rhys/ros2_ws/src/RS2/visual/install/visual/lib/visual/fusion_node" to ""
[17.698s] -- Up-to-date: /home/rhys/ros2_ws/src/RS2/visual/install/visual/share/visual/model
[17.698s] -- Up-to-date: /home/rhys/ros2_ws/src/RS2/visual/install/visual/share/visual/model/best_flat.onnx
[17.698s] -- Up-to-date: /home/rhys/ros2_ws/src/RS2/visual/install/visual/share/visual/model/brand_cls.onnx
[17.699s] -- Up-to-date: /home/rhys/ros2_ws/src/RS2/visual/install/visual/share/visual/model/best.onnx
[17.699s] -- Installing: /home/rhys/ros2_ws/src/RS2/visual/install/visual/share/ament_index/resource_index/package_run_dependencies/visual
[17.699s] -- Installing: /home/rhys/ros2_ws/src/RS2/visual/install/visual/share/ament_index/resource_index/parent_prefix_path/visual
[17.699s] -- Installing: /home/rhys/ros2_ws/src/RS2/visual/install/visual/share/visual/environment/ament_prefix_path.sh
[17.699s] -- Installing: /home/rhys/ros2_ws/src/RS2/visual/install/visual/share/visual/environment/ament_prefix_path.dsv
[17.699s] -- Installing: /home/rhys/ros2_ws/src/RS2/visual/install/visual/share/visual/environment/path.sh
[17.699s] -- Installing: /home/rhys/ros2_ws/src/RS2/visual/install/visual/share/visual/environment/path.dsv
[17.699s] -- Installing: /home/rhys/ros2_ws/src/RS2/visual/install/visual/share/visual/local_setup.bash
[17.699s] -- Installing: /home/rhys/ros2_ws/src/RS2/visual/install/visual/share/visual/local_setup.sh
[17.699s] -- Installing: /home/rhys/ros2_ws/src/RS2/visual/install/visual/share/visual/local_setup.zsh
[17.700s] -- Installing: /home/rhys/ros2_ws/src/RS2/visual/install/visual/share/visual/local_setup.dsv
[17.700s] -- Installing: /home/rhys/ros2_ws/src/RS2/visual/install/visual/share/visual/package.dsv
[17.700s] -- Installing: /home/rhys/ros2_ws/src/RS2/visual/install/visual/share/ament_index/resource_index/packages/visual
[17.700s] -- Installing: /home/rhys/ros2_ws/src/RS2/visual/install/visual/share/visual/cmake/visualConfig.cmake
[17.700s] -- Installing: /home/rhys/ros2_ws/src/RS2/visual/install/visual/share/visual/cmake/visualConfig-version.cmake
[17.700s] -- Installing: /home/rhys/ros2_ws/src/RS2/visual/install/visual/share/visual/package.xml
[17.702s] Invoked command in '/home/rhys/ros2_ws/src/RS2/visual/build/visual' returned '0': CMAKE_PREFIX_PATH=${CMAKE_PREFIX_PATH}:/home/rhys/ros2_ws/install/turtlebot3_teleop:/home/rhys/ros2_ws/install/turtlebot3_example:/home/rhys/ros2_ws/install/drone_control:/opt/ros/humble /usr/bin/cmake --install /home/rhys/ros2_ws/src/RS2/visual/build/visual
