[0.554s] DEBUG:colcon:Command line arguments: ['/usr/bin/colcon', 'build', '--packages-select', 'ur3_cartesian_motion']
[0.554s] DEBUG:colcon:Parsed command line arguments: Namespace(log_base=None, log_level=None, verb_name='build', build_base='build', install_base='install', merge_install=False, symlink_install=False, test_result_base=None, continue_on_error=False, executor='parallel', parallel_workers=2, event_handlers=None, ignore_user_meta=False, metas=['./colcon.meta'], base_paths=['.'], packages_ignore=None, packages_ignore_regex=None, paths=None, packages_up_to=None, packages_up_to_regex=None, packages_above=None, packages_above_and_dependencies=None, packages_above_depth=None, packages_select_by_dep=None, packages_skip_by_dep=None, packages_skip_up_to=None, packages_select_build_failed=False, packages_skip_build_finished=False, packages_select_test_failures=False, packages_skip_test_passed=False, packages_select=['ur3_cartesian_motion'], packages_skip=None, packages_select_regex=None, packages_skip_regex=None, packages_start=None, packages_end=None, allow_overriding=[], cmake_args=None, cmake_target=None, cmake_target_skip_unavailable=False, cmake_clean_cache=False, cmake_clean_first=False, cmake_force_configure=False, ament_cmake_args=None, catkin_cmake_args=None, catkin_skip_building_tests=False, mixin_files=None, mixin=None, verb_parser=<colcon_mixin.mixin.mixin_argument.MixinArgumentDecorator object at 0xffffa764de40>, verb_extension=<colcon_core.verb.build.BuildVerb object at 0xffffa7766e00>, main=<bound method BuildVerb.main of <colcon_core.verb.build.BuildVerb object at 0xffffa7766e00>>, mixin_verb=('build',))
[0.856s] Level 1:colcon.colcon_core.package_discovery:discover_packages(colcon_meta) check parameters
[0.856s] Level 1:colcon.colcon_core.package_discovery:discover_packages(recursive) check parameters
[0.856s] Level 1:colcon.colcon_core.package_discovery:discover_packages(ignore) check parameters
[0.856s] Level 1:colcon.colcon_core.package_discovery:discover_packages(path) check parameters
[0.856s] Level 1:colcon.colcon_core.package_discovery:discover_packages(colcon_meta) discover
[0.856s] Level 1:colcon.colcon_core.package_discovery:discover_packages(recursive) discover
[0.856s] INFO:colcon.colcon_core.package_discovery:Crawling recursively for packages in '/home/parallels/ros2_ws/src'
[0.856s] Level 1:colcon.colcon_core.package_identification:_identify(.) by extensions ['ignore', 'ignore_ament_install']
[0.856s] Level 1:colcon.colcon_core.package_identification:_identify(.) by extension 'ignore'
[0.857s] Level 1:colcon.colcon_core.package_identification:_identify(.) by extension 'ignore_ament_install'
[0.857s] Level 1:colcon.colcon_core.package_identification:_identify(.) by extensions ['colcon_pkg']
[0.857s] Level 1:colcon.colcon_core.package_identification:_identify(.) by extension 'colcon_pkg'
[0.857s] Level 1:colcon.colcon_core.package_identification:_identify(.) by extensions ['colcon_meta']
[0.857s] Level 1:colcon.colcon_core.package_identification:_identify(.) by extension 'colcon_meta'
[0.857s] Level 1:colcon.colcon_core.package_identification:_identify(.) by extensions ['ros']
[0.857s] Level 1:colcon.colcon_core.package_identification:_identify(.) by extension 'ros'
[0.874s] Level 1:colcon.colcon_core.package_identification:_identify(.) by extensions ['cmake', 'python']
[0.874s] Level 1:colcon.colcon_core.package_identification:_identify(.) by extension 'cmake'
[0.874s] Level 1:colcon.colcon_core.package_identification:_identify(.) by extension 'python'
[0.874s] Level 1:colcon.colcon_core.package_identification:_identify(.) by extensions ['python_setup_py']
[0.874s] Level 1:colcon.colcon_core.package_identification:_identify(.) by extension 'python_setup_py'
[0.874s] Level 1:colcon.colcon_core.package_identification:_identify(Universal_Robots_ROS2_GZ_Simulation) by extensions ['ignore', 'ignore_ament_install']
[0.874s] Level 1:colcon.colcon_core.package_identification:_identify(Universal_Robots_ROS2_GZ_Simulation) by extension 'ignore'
[0.874s] Level 1:colcon.colcon_core.package_identification:_identify(Universal_Robots_ROS2_GZ_Simulation) by extension 'ignore_ament_install'
[0.874s] Level 1:colcon.colcon_core.package_identification:_identify(Universal_Robots_ROS2_GZ_Simulation) by extensions ['colcon_pkg']
[0.874s] Level 1:colcon.colcon_core.package_identification:_identify(Universal_Robots_ROS2_GZ_Simulation) by extension 'colcon_pkg'
[0.874s] Level 1:colcon.colcon_core.package_identification:_identify(Universal_Robots_ROS2_GZ_Simulation) by extensions ['colcon_meta']
[0.874s] Level 1:colcon.colcon_core.package_identification:_identify(Universal_Robots_ROS2_GZ_Simulation) by extension 'colcon_meta'
[0.874s] Level 1:colcon.colcon_core.package_identification:_identify(Universal_Robots_ROS2_GZ_Simulation) by extensions ['ros']
[0.874s] Level 1:colcon.colcon_core.package_identification:_identify(Universal_Robots_ROS2_GZ_Simulation) by extension 'ros'
[0.874s] Level 1:colcon.colcon_core.package_identification:_identify(Universal_Robots_ROS2_GZ_Simulation) by extensions ['cmake', 'python']
[0.874s] Level 1:colcon.colcon_core.package_identification:_identify(Universal_Robots_ROS2_GZ_Simulation) by extension 'cmake'
[0.875s] Level 1:colcon.colcon_core.package_identification:_identify(Universal_Robots_ROS2_GZ_Simulation) by extension 'python'
[0.875s] Level 1:colcon.colcon_core.package_identification:_identify(Universal_Robots_ROS2_GZ_Simulation) by extensions ['python_setup_py']
[0.875s] Level 1:colcon.colcon_core.package_identification:_identify(Universal_Robots_ROS2_GZ_Simulation) by extension 'python_setup_py'
[0.875s] Level 1:colcon.colcon_core.package_identification:_identify(Universal_Robots_ROS2_GZ_Simulation/ur_simulation_gz) by extensions ['ignore', 'ignore_ament_install']
[0.875s] Level 1:colcon.colcon_core.package_identification:_identify(Universal_Robots_ROS2_GZ_Simulation/ur_simulation_gz) by extension 'ignore'
[0.875s] Level 1:colcon.colcon_core.package_identification:_identify(Universal_Robots_ROS2_GZ_Simulation/ur_simulation_gz) by extension 'ignore_ament_install'
[0.875s] Level 1:colcon.colcon_core.package_identification:_identify(Universal_Robots_ROS2_GZ_Simulation/ur_simulation_gz) by extensions ['colcon_pkg']
[0.875s] Level 1:colcon.colcon_core.package_identification:_identify(Universal_Robots_ROS2_GZ_Simulation/ur_simulation_gz) by extension 'colcon_pkg'
[0.875s] Level 1:colcon.colcon_core.package_identification:_identify(Universal_Robots_ROS2_GZ_Simulation/ur_simulation_gz) by extensions ['colcon_meta']
[0.875s] Level 1:colcon.colcon_core.package_identification:_identify(Universal_Robots_ROS2_GZ_Simulation/ur_simulation_gz) by extension 'colcon_meta'
[0.875s] Level 1:colcon.colcon_core.package_identification:_identify(Universal_Robots_ROS2_GZ_Simulation/ur_simulation_gz) by extensions ['ros']
[0.875s] Level 1:colcon.colcon_core.package_identification:_identify(Universal_Robots_ROS2_GZ_Simulation/ur_simulation_gz) by extension 'ros'
[0.878s] DEBUG:colcon.colcon_core.package_identification:Package 'Universal_Robots_ROS2_GZ_Simulation/ur_simulation_gz' with type 'ros.ament_cmake' and name 'ur_simulation_gz'
[0.879s] Level 1:colcon.colcon_core.package_identification:_identify(build) by extensions ['ignore', 'ignore_ament_install']
[0.879s] Level 1:colcon.colcon_core.package_identification:_identify(build) by extension 'ignore'
[0.879s] Level 1:colcon.colcon_core.package_identification:_identify(build) ignored
[0.879s] Level 1:colcon.colcon_core.package_identification:_identify(drink_memory) by extensions ['ignore', 'ignore_ament_install']
[0.879s] Level 1:colcon.colcon_core.package_identification:_identify(drink_memory) by extension 'ignore'
[0.879s] Level 1:colcon.colcon_core.package_identification:_identify(drink_memory) by extension 'ignore_ament_install'
[0.879s] Level 1:colcon.colcon_core.package_identification:_identify(drink_memory) by extensions ['colcon_pkg']
[0.879s] Level 1:colcon.colcon_core.package_identification:_identify(drink_memory) by extension 'colcon_pkg'
[0.879s] Level 1:colcon.colcon_core.package_identification:_identify(drink_memory) by extensions ['colcon_meta']
[0.879s] Level 1:colcon.colcon_core.package_identification:_identify(drink_memory) by extension 'colcon_meta'
[0.879s] Level 1:colcon.colcon_core.package_identification:_identify(drink_memory) by extensions ['ros']
[0.879s] Level 1:colcon.colcon_core.package_identification:_identify(drink_memory) by extension 'ros'
[0.881s] DEBUG:colcon.colcon_core.package_identification:Package 'drink_memory' with type 'ros.ament_python' and name 'drink_memory'
[0.881s] Level 1:colcon.colcon_core.package_identification:_identify(install) by extensions ['ignore', 'ignore_ament_install']
[0.881s] Level 1:colcon.colcon_core.package_identification:_identify(install) by extension 'ignore'
[0.881s] Level 1:colcon.colcon_core.package_identification:_identify(install) ignored
[0.881s] Level 1:colcon.colcon_core.package_identification:_identify(log) by extensions ['ignore', 'ignore_ament_install']
[0.881s] Level 1:colcon.colcon_core.package_identification:_identify(log) by extension 'ignore'
[0.881s] Level 1:colcon.colcon_core.package_identification:_identify(log) ignored
[0.881s] Level 1:colcon.colcon_core.package_identification:_identify(memory_decision) by extensions ['ignore', 'ignore_ament_install']
[0.881s] Level 1:colcon.colcon_core.package_identification:_identify(memory_decision) by extension 'ignore'
[0.881s] Level 1:colcon.colcon_core.package_identification:_identify(memory_decision) by extension 'ignore_ament_install'
[0.881s] Level 1:colcon.colcon_core.package_identification:_identify(memory_decision) by extensions ['colcon_pkg']
[0.881s] Level 1:colcon.colcon_core.package_identification:_identify(memory_decision) by extension 'colcon_pkg'
[0.881s] Level 1:colcon.colcon_core.package_identification:_identify(memory_decision) by extensions ['colcon_meta']
[0.882s] Level 1:colcon.colcon_core.package_identification:_identify(memory_decision) by extension 'colcon_meta'
[0.882s] Level 1:colcon.colcon_core.package_identification:_identify(memory_decision) by extensions ['ros']
[0.882s] Level 1:colcon.colcon_core.package_identification:_identify(memory_decision) by extension 'ros'
[0.882s] DEBUG:colcon.colcon_core.package_identification:Package 'memory_decision' with type 'ros.ament_cmake' and name 'memory_decision'
[0.882s] Level 1:colcon.colcon_core.package_identification:_identify(ur3_cartesian_motion) by extensions ['ignore', 'ignore_ament_install']
[0.883s] Level 1:colcon.colcon_core.package_identification:_identify(ur3_cartesian_motion) by extension 'ignore'
[0.883s] Level 1:colcon.colcon_core.package_identification:_identify(ur3_cartesian_motion) by extension 'ignore_ament_install'
[0.883s] Level 1:colcon.colcon_core.package_identification:_identify(ur3_cartesian_motion) by extensions ['colcon_pkg']
[0.883s] Level 1:colcon.colcon_core.package_identification:_identify(ur3_cartesian_motion) by extension 'colcon_pkg'
[0.883s] Level 1:colcon.colcon_core.package_identification:_identify(ur3_cartesian_motion) by extensions ['colcon_meta']
[0.883s] Level 1:colcon.colcon_core.package_identification:_identify(ur3_cartesian_motion) by extension 'colcon_meta'
[0.883s] Level 1:colcon.colcon_core.package_identification:_identify(ur3_cartesian_motion) by extensions ['ros']
[0.883s] Level 1:colcon.colcon_core.package_identification:_identify(ur3_cartesian_motion) by extension 'ros'
[0.884s] DEBUG:colcon.colcon_core.package_identification:Package 'ur3_cartesian_motion' with type 'ros.ament_cmake' and name 'ur3_cartesian_motion'
[0.884s] Level 1:colcon.colcon_core.package_discovery:discover_packages(recursive) using defaults
[0.884s] Level 1:colcon.colcon_core.package_discovery:discover_packages(ignore) discover
[0.884s] Level 1:colcon.colcon_core.package_discovery:discover_packages(ignore) using defaults
[0.885s] Level 1:colcon.colcon_core.package_discovery:discover_packages(path) discover
[0.885s] Level 1:colcon.colcon_core.package_discovery:discover_packages(path) using defaults
[0.928s] INFO:colcon.colcon_core.package_selection:Skipping not selected package 'drink_memory' in 'drink_memory'
[0.928s] INFO:colcon.colcon_core.package_selection:Skipping not selected package 'memory_decision' in 'memory_decision'
[0.928s] INFO:colcon.colcon_core.package_selection:Skipping not selected package 'ur_simulation_gz' in 'Universal_Robots_ROS2_GZ_Simulation/ur_simulation_gz'
[0.929s] Level 1:colcon.colcon_core.package_discovery:discover_packages(prefix_path) check parameters
[0.929s] Level 1:colcon.colcon_core.package_discovery:discover_packages(prefix_path) discover
[0.931s] DEBUG:colcon.colcon_installed_package_information.package_discovery:Found 3 installed packages in /home/parallels/ros2_ws/install
[0.933s] DEBUG:colcon.colcon_installed_package_information.package_discovery:Found 333 installed packages in /opt/ros/humble
[0.934s] Level 1:colcon.colcon_core.package_discovery:discover_packages(prefix_path) using defaults
[0.983s] Level 5:colcon.colcon_core.verb:set package 'ur3_cartesian_motion' build argument 'cmake_args' from command line to 'None'
[0.983s] Level 5:colcon.colcon_core.verb:set package 'ur3_cartesian_motion' build argument 'cmake_target' from command line to 'None'
[0.983s] Level 5:colcon.colcon_core.verb:set package 'ur3_cartesian_motion' build argument 'cmake_target_skip_unavailable' from command line to 'False'
[0.983s] Level 5:colcon.colcon_core.verb:set package 'ur3_cartesian_motion' build argument 'cmake_clean_cache' from command line to 'False'
[0.983s] Level 5:colcon.colcon_core.verb:set package 'ur3_cartesian_motion' build argument 'cmake_clean_first' from command line to 'False'
[0.983s] Level 5:colcon.colcon_core.verb:set package 'ur3_cartesian_motion' build argument 'cmake_force_configure' from command line to 'False'
[0.983s] Level 5:colcon.colcon_core.verb:set package 'ur3_cartesian_motion' build argument 'ament_cmake_args' from command line to 'None'
[0.983s] Level 5:colcon.colcon_core.verb:set package 'ur3_cartesian_motion' build argument 'catkin_cmake_args' from command line to 'None'
[0.983s] Level 5:colcon.colcon_core.verb:set package 'ur3_cartesian_motion' build argument 'catkin_skip_building_tests' from command line to 'False'
[0.983s] DEBUG:colcon.colcon_core.verb:Building package 'ur3_cartesian_motion' with the following arguments: {'ament_cmake_args': None, 'build_base': '/home/parallels/ros2_ws/src/build/ur3_cartesian_motion', 'catkin_cmake_args': None, 'catkin_skip_building_tests': False, 'cmake_args': None, 'cmake_clean_cache': False, 'cmake_clean_first': False, 'cmake_force_configure': False, 'cmake_target': None, 'cmake_target_skip_unavailable': False, 'install_base': '/home/parallels/ros2_ws/src/install/ur3_cartesian_motion', 'merge_install': False, 'path': '/home/parallels/ros2_ws/src/ur3_cartesian_motion', 'symlink_install': False, 'test_result_base': None}
[0.983s] INFO:colcon.colcon_core.executor:Executing jobs using 'parallel' executor
[0.984s] DEBUG:colcon.colcon_parallel_executor.executor.parallel:run_until_complete
[0.984s] INFO:colcon.colcon_ros.task.ament_cmake.build:Building ROS package in '/home/parallels/ros2_ws/src/ur3_cartesian_motion' with build type 'ament_cmake'
[0.984s] INFO:colcon.colcon_cmake.task.cmake.build:Building CMake package in '/home/parallels/ros2_ws/src/ur3_cartesian_motion'
[0.989s] INFO:colcon.colcon_core.plugin_system:Skipping extension 'colcon_core.shell.bat': Not used on non-Windows systems
[0.989s] INFO:colcon.colcon_core.shell:Skip shell extension 'powershell' for command environment: Not usable outside of PowerShell
[0.990s] DEBUG:colcon.colcon_core.shell:Skip shell extension 'dsv' for command environment
[0.999s] DEBUG:colcon.colcon_core.event_handler.log_command:Invoking command in '/home/parallels/ros2_ws/src/build/ur3_cartesian_motion': CMAKE_PREFIX_PATH=${CMAKE_PREFIX_PATH}:/home/parallels/ros2_ws/install/drink_memory:/opt/ros/humble /usr/bin/cmake /home/parallels/ros2_ws/src/ur3_cartesian_motion -DCMAKE_INSTALL_PREFIX=/home/parallels/ros2_ws/src/install/ur3_cartesian_motion
[3.338s] DEBUG:colcon.colcon_core.event_handler.log_command:Invoked command in '/home/parallels/ros2_ws/src/build/ur3_cartesian_motion' returned '0': CMAKE_PREFIX_PATH=${CMAKE_PREFIX_PATH}:/home/parallels/ros2_ws/install/drink_memory:/opt/ros/humble /usr/bin/cmake /home/parallels/ros2_ws/src/ur3_cartesian_motion -DCMAKE_INSTALL_PREFIX=/home/parallels/ros2_ws/src/install/ur3_cartesian_motion
[3.339s] DEBUG:colcon.colcon_core.event_handler.log_command:Invoking command in '/home/parallels/ros2_ws/src/build/ur3_cartesian_motion': CMAKE_PREFIX_PATH=${CMAKE_PREFIX_PATH}:/home/parallels/ros2_ws/install/drink_memory:/opt/ros/humble /usr/bin/cmake --build /home/parallels/ros2_ws/src/build/ur3_cartesian_motion -- -j2 -l2
[28.251s] DEBUG:colcon.colcon_core.event_handler.log_command:Invoked command in '/home/parallels/ros2_ws/src/build/ur3_cartesian_motion' returned '0': CMAKE_PREFIX_PATH=${CMAKE_PREFIX_PATH}:/home/parallels/ros2_ws/install/drink_memory:/opt/ros/humble /usr/bin/cmake --build /home/parallels/ros2_ws/src/build/ur3_cartesian_motion -- -j2 -l2
[28.351s] DEBUG:colcon.colcon_core.event_handler.log_command:Invoking command in '/home/parallels/ros2_ws/src/build/ur3_cartesian_motion': CMAKE_PREFIX_PATH=${CMAKE_PREFIX_PATH}:/home/parallels/ros2_ws/install/drink_memory:/opt/ros/humble /usr/bin/cmake --install /home/parallels/ros2_ws/src/build/ur3_cartesian_motion
[28.391s] Level 1:colcon.colcon_core.environment:create_environment_scripts_only(ur3_cartesian_motion)
[28.393s] DEBUG:colcon.colcon_core.event_handler.log_command:Invoked command in '/home/parallels/ros2_ws/src/build/ur3_cartesian_motion' returned '0': CMAKE_PREFIX_PATH=${CMAKE_PREFIX_PATH}:/home/parallels/ros2_ws/install/drink_memory:/opt/ros/humble /usr/bin/cmake --install /home/parallels/ros2_ws/src/build/ur3_cartesian_motion
[28.464s] Level 1:colcon.colcon_core.environment:checking '/home/parallels/ros2_ws/src/install/ur3_cartesian_motion' for CMake module files
[28.466s] Level 1:colcon.colcon_core.environment:checking '/home/parallels/ros2_ws/src/install/ur3_cartesian_motion' for CMake config files
[28.468s] Level 1:colcon.colcon_core.shell:create_environment_hook('ur3_cartesian_motion', 'cmake_prefix_path')
[28.472s] INFO:colcon.colcon_core.shell:Creating environment hook '/home/parallels/ros2_ws/src/install/ur3_cartesian_motion/share/ur3_cartesian_motion/hook/cmake_prefix_path.ps1'
[28.493s] INFO:colcon.colcon_core.shell:Creating environment descriptor '/home/parallels/ros2_ws/src/install/ur3_cartesian_motion/share/ur3_cartesian_motion/hook/cmake_prefix_path.dsv'
[28.497s] INFO:colcon.colcon_core.shell:Creating environment hook '/home/parallels/ros2_ws/src/install/ur3_cartesian_motion/share/ur3_cartesian_motion/hook/cmake_prefix_path.sh'
[28.501s] Level 1:colcon.colcon_core.environment:checking '/home/parallels/ros2_ws/src/install/ur3_cartesian_motion/lib'
[28.502s] Level 1:colcon.colcon_core.environment:checking '/home/parallels/ros2_ws/src/install/ur3_cartesian_motion/bin'
[28.503s] Level 1:colcon.colcon_core.environment:checking '/home/parallels/ros2_ws/src/install/ur3_cartesian_motion/lib/pkgconfig/ur3_cartesian_motion.pc'
[28.509s] Level 1:colcon.colcon_core.environment:checking '/home/parallels/ros2_ws/src/install/ur3_cartesian_motion/lib/python3.10/site-packages'
[28.510s] Level 1:colcon.colcon_core.environment:checking '/home/parallels/ros2_ws/src/install/ur3_cartesian_motion/bin'
[28.511s] INFO:colcon.colcon_core.shell:Creating package script '/home/parallels/ros2_ws/src/install/ur3_cartesian_motion/share/ur3_cartesian_motion/package.ps1'
[28.514s] INFO:colcon.colcon_core.shell:Creating package descriptor '/home/parallels/ros2_ws/src/install/ur3_cartesian_motion/share/ur3_cartesian_motion/package.dsv'
[28.519s] INFO:colcon.colcon_core.shell:Creating package script '/home/parallels/ros2_ws/src/install/ur3_cartesian_motion/share/ur3_cartesian_motion/package.sh'
[28.522s] INFO:colcon.colcon_core.shell:Creating package script '/home/parallels/ros2_ws/src/install/ur3_cartesian_motion/share/ur3_cartesian_motion/package.bash'
[28.526s] INFO:colcon.colcon_core.shell:Creating package script '/home/parallels/ros2_ws/src/install/ur3_cartesian_motion/share/ur3_cartesian_motion/package.zsh'
[28.530s] Level 1:colcon.colcon_core.environment:create_file_with_runtime_dependencies(/home/parallels/ros2_ws/src/install/ur3_cartesian_motion/share/colcon-core/packages/ur3_cartesian_motion)
[28.541s] Level 1:colcon.colcon_core.environment:create_environment_scripts_only(ur3_cartesian_motion)
[28.541s] Level 1:colcon.colcon_core.environment:checking '/home/parallels/ros2_ws/src/install/ur3_cartesian_motion' for CMake module files
[28.541s] Level 1:colcon.colcon_core.environment:checking '/home/parallels/ros2_ws/src/install/ur3_cartesian_motion' for CMake config files
[28.541s] Level 1:colcon.colcon_core.shell:create_environment_hook('ur3_cartesian_motion', 'cmake_prefix_path')
[28.542s] INFO:colcon.colcon_core.shell:Creating environment hook '/home/parallels/ros2_ws/src/install/ur3_cartesian_motion/share/ur3_cartesian_motion/hook/cmake_prefix_path.ps1'
[28.543s] INFO:colcon.colcon_core.shell:Creating environment descriptor '/home/parallels/ros2_ws/src/install/ur3_cartesian_motion/share/ur3_cartesian_motion/hook/cmake_prefix_path.dsv'
[28.544s] INFO:colcon.colcon_core.shell:Creating environment hook '/home/parallels/ros2_ws/src/install/ur3_cartesian_motion/share/ur3_cartesian_motion/hook/cmake_prefix_path.sh'
[28.546s] Level 1:colcon.colcon_core.environment:checking '/home/parallels/ros2_ws/src/install/ur3_cartesian_motion/lib'
[28.546s] Level 1:colcon.colcon_core.environment:checking '/home/parallels/ros2_ws/src/install/ur3_cartesian_motion/bin'
[28.546s] Level 1:colcon.colcon_core.environment:checking '/home/parallels/ros2_ws/src/install/ur3_cartesian_motion/lib/pkgconfig/ur3_cartesian_motion.pc'
[28.546s] Level 1:colcon.colcon_core.environment:checking '/home/parallels/ros2_ws/src/install/ur3_cartesian_motion/lib/python3.10/site-packages'
[28.547s] Level 1:colcon.colcon_core.environment:checking '/home/parallels/ros2_ws/src/install/ur3_cartesian_motion/bin'
[28.547s] INFO:colcon.colcon_core.shell:Creating package script '/home/parallels/ros2_ws/src/install/ur3_cartesian_motion/share/ur3_cartesian_motion/package.ps1'
[28.547s] INFO:colcon.colcon_core.shell:Creating package descriptor '/home/parallels/ros2_ws/src/install/ur3_cartesian_motion/share/ur3_cartesian_motion/package.dsv'
[28.548s] INFO:colcon.colcon_core.shell:Creating package script '/home/parallels/ros2_ws/src/install/ur3_cartesian_motion/share/ur3_cartesian_motion/package.sh'
[28.548s] INFO:colcon.colcon_core.shell:Creating package script '/home/parallels/ros2_ws/src/install/ur3_cartesian_motion/share/ur3_cartesian_motion/package.bash'
[28.549s] INFO:colcon.colcon_core.shell:Creating package script '/home/parallels/ros2_ws/src/install/ur3_cartesian_motion/share/ur3_cartesian_motion/package.zsh'
[28.550s] Level 1:colcon.colcon_core.environment:create_file_with_runtime_dependencies(/home/parallels/ros2_ws/src/install/ur3_cartesian_motion/share/colcon-core/packages/ur3_cartesian_motion)
[28.555s] DEBUG:colcon.colcon_parallel_executor.executor.parallel:closing loop
[28.560s] DEBUG:colcon.colcon_parallel_executor.executor.parallel:loop closed
[28.560s] DEBUG:colcon.colcon_parallel_executor.executor.parallel:run_until_complete finished with '0'
[28.561s] DEBUG:colcon.colcon_core.event_reactor:joining thread
[28.625s] INFO:colcon.colcon_core.plugin_system:Skipping extension 'colcon_notification.desktop_notification.terminal_notifier': Not used on non-Darwin systems
[28.625s] INFO:colcon.colcon_core.plugin_system:Skipping extension 'colcon_notification.desktop_notification.win32': Not used on non-Windows systems
[28.626s] INFO:colcon.colcon_notification.desktop_notification:Sending desktop notification using 'notify2'
[28.783s] DEBUG:colcon.colcon_core.event_reactor:joined thread
[28.786s] INFO:colcon.colcon_core.shell:Creating prefix script '/home/parallels/ros2_ws/src/install/local_setup.ps1'
[28.789s] INFO:colcon.colcon_core.shell:Creating prefix util module '/home/parallels/ros2_ws/src/install/_local_setup_util_ps1.py'
[28.790s] INFO:colcon.colcon_core.shell:Creating prefix chain script '/home/parallels/ros2_ws/src/install/setup.ps1'
[28.795s] INFO:colcon.colcon_core.shell:Creating prefix script '/home/parallels/ros2_ws/src/install/local_setup.sh'
[28.798s] INFO:colcon.colcon_core.shell:Creating prefix util module '/home/parallels/ros2_ws/src/install/_local_setup_util_sh.py'
[28.799s] INFO:colcon.colcon_core.shell:Creating prefix chain script '/home/parallels/ros2_ws/src/install/setup.sh'
[28.801s] INFO:colcon.colcon_core.shell:Creating prefix script '/home/parallels/ros2_ws/src/install/local_setup.bash'
[28.802s] INFO:colcon.colcon_core.shell:Creating prefix chain script '/home/parallels/ros2_ws/src/install/setup.bash'
[28.804s] INFO:colcon.colcon_core.shell:Creating prefix script '/home/parallels/ros2_ws/src/install/local_setup.zsh'
[28.807s] INFO:colcon.colcon_core.shell:Creating prefix chain script '/home/parallels/ros2_ws/src/install/setup.zsh'
