-- The C compiler identification is GNU 11.4.0
-- The CXX compiler identification is GNU 11.4.0
-- Detecting C compiler ABI info
-- Detecting C compiler ABI info - done
-- Check for working C compiler: /usr/bin/cc - skipped
-- Detecting C compile features
-- Detecting C compile features - done
-- Detecting CXX compiler ABI info
-- Detecting CXX compiler ABI info - done
-- Check for working CXX compiler: /usr/bin/c++ - skipped
-- Detecting CXX compile features
-- Detecting CXX compile features - done
-- Found ament_cmake: 1.3.11 (/opt/ros/humble/share/ament_cmake/cmake)
-- Found Python3: /usr/bin/python3 (found version "3.10.12") found components: Interpreter 
-- Found rclcpp: 16.0.11 (/opt/ros/humble/share/rclcpp/cmake)
-- Found rosidl_generator_c: 3.1.6 (/opt/ros/humble/share/rosidl_generator_c/cmake)
-- Found rosidl_adapter: 3.1.6 (/opt/ros/humble/share/rosidl_adapter/cmake)
-- Found rosidl_generator_cpp: 3.1.6 (/opt/ros/humble/share/rosidl_generator_cpp/cmake)
-- Using all available rosidl_typesupport_c: rosidl_typesupport_fastrtps_c;rosidl_typesupport_introspection_c
-- Using all available rosidl_typesupport_cpp: rosidl_typesupport_fastrtps_cpp;rosidl_typesupport_introspection_cpp
-- Found rmw_implementation_cmake: 6.1.2 (/opt/ros/humble/share/rmw_implementation_cmake/cmake)
-- Found rmw_fastrtps_cpp: 6.2.7 (/opt/ros/humble/share/rmw_fastrtps_cpp/cmake)
-- Found OpenSSL: /usr/lib/x86_64-linux-gnu/libcrypto.so (found version "3.0.2")  
-- Found FastRTPS: /opt/ros/humble/include  
-- Using RMW implementation 'rmw_fastrtps_cpp' as default
-- Looking for pthread.h
-- Looking for pthread.h - found
-- Performing Test CMAKE_HAVE_LIBC_PTHREAD
-- Performing Test CMAKE_HAVE_LIBC_PTHREAD - Success
-- Found Threads: TRUE  
-- Found sensor_msgs: 4.2.4 (/opt/ros/humble/share/sensor_msgs/cmake)
-- Found vision_msgs: 4.1.1 (/opt/ros/humble/share/vision_msgs/cmake)
-- Found cv_bridge: 3.2.1 (/opt/ros/humble/share/cv_bridge/cmake)
-- Found image_transport: 3.1.10 (/opt/ros/humble/share/image_transport/cmake)
-- Found OpenCV: /usr (found version "4.5.4") found components: core imgproc dnn 
-- Configuring done
-- Generating done
-- Build files have been written to: /home/rhys/ros2_ws/src/RS2/visual/build/visual
[ 33%] [32mBuilding CXX object CMakeFiles/fusion_node.dir/src/main.cpp.o[0m
[ 33%] [32mBuilding CXX object CMakeFiles/camera_node.dir/src/camera_node.cpp.o[0m
[ 33%] [32mBuilding CXX object CMakeFiles/cartesian.dir/src/Cartesian.cpp.o[0m
[ 41%] [32mBuilding CXX object CMakeFiles/esky_detector.dir/src/EskyDetector.cpp.o[0m
[ 50%] [32mBuilding CXX object CMakeFiles/brand_recognition.dir/src/BrandRecognition.cpp.o[0m
[ 50%] [32mBuilding CXX object CMakeFiles/bottle_detector_ort.dir/src/BottleDetector.cpp.o[0m
[ 58%] [32m[1mLinking CXX executable camera_node[0m
[ 58%] Built target camera_node
[ 66%] [32m[1mLinking CXX executable cartesian[0m
[ 75%] [32m[1mLinking CXX executable brand_recognition[0m
[ 83%] [32m[1mLinking CXX executable bottle_detector_ort[0m
[ 91%] [32m[1mLinking CXX executable esky_detector[0m
[ 91%] Built target cartesian
[ 91%] Built target brand_recognition
[ 91%] Built target bottle_detector_ort
[ 91%] Built target esky_detector
[100%] [32m[1mLinking CXX executable fusion_node[0m
[100%] Built target fusion_node
-- Install configuration: ""
-- Installing: /home/rhys/ros2_ws/src/RS2/visual/install/visual/share/visual/model
-- Installing: /home/rhys/ros2_ws/src/RS2/visual/install/visual/share/visual/model/best_flat.onnx
-- Installing: /home/rhys/ros2_ws/src/RS2/visual/install/visual/share/visual/model/brand_cls.onnx
-- Installing: /home/rhys/ros2_ws/src/RS2/visual/install/visual/share/visual/model/best.onnx
-- Installing: /home/rhys/ros2_ws/src/RS2/visual/install/visual/lib/visual/camera_node
-- Set runtime path of "/home/rhys/ros2_ws/src/RS2/visual/install/visual/lib/visual/camera_node" to ""
-- Installing: /home/rhys/ros2_ws/src/RS2/visual/install/visual/lib/visual/esky_detector
-- Set runtime path of "/home/rhys/ros2_ws/src/RS2/visual/install/visual/lib/visual/esky_detector" to ""
-- Installing: /home/rhys/ros2_ws/src/RS2/visual/install/visual/lib/visual/bottle_detector_ort
-- Set runtime path of "/home/rhys/ros2_ws/src/RS2/visual/install/visual/lib/visual/bottle_detector_ort" to ""
-- Installing: /home/rhys/ros2_ws/src/RS2/visual/install/visual/lib/visual/cartesian
-- Set runtime path of "/home/rhys/ros2_ws/src/RS2/visual/install/visual/lib/visual/cartesian" to ""
-- Installing: /home/rhys/ros2_ws/src/RS2/visual/install/visual/lib/visual/brand_recognition
-- Set runtime path of "/home/rhys/ros2_ws/src/RS2/visual/install/visual/lib/visual/brand_recognition" to ""
-- Installing: /home/rhys/ros2_ws/src/RS2/visual/install/visual/lib/visual/fusion_node
-- Set runtime path of "/home/rhys/ros2_ws/src/RS2/visual/install/visual/lib/visual/fusion_node" to ""
-- Up-to-date: /home/rhys/ros2_ws/src/RS2/visual/install/visual/share/visual/model
-- Up-to-date: /home/rhys/ros2_ws/src/RS2/visual/install/visual/share/visual/model/best_flat.onnx
-- Up-to-date: /home/rhys/ros2_ws/src/RS2/visual/install/visual/share/visual/model/brand_cls.onnx
-- Up-to-date: /home/rhys/ros2_ws/src/RS2/visual/install/visual/share/visual/model/best.onnx
-- Installing: /home/rhys/ros2_ws/src/RS2/visual/install/visual/share/ament_index/resource_index/package_run_dependencies/visual
-- Installing: /home/rhys/ros2_ws/src/RS2/visual/install/visual/share/ament_index/resource_index/parent_prefix_path/visual
-- Installing: /home/rhys/ros2_ws/src/RS2/visual/install/visual/share/visual/environment/ament_prefix_path.sh
-- Installing: /home/rhys/ros2_ws/src/RS2/visual/install/visual/share/visual/environment/ament_prefix_path.dsv
-- Installing: /home/rhys/ros2_ws/src/RS2/visual/install/visual/share/visual/environment/path.sh
-- Installing: /home/rhys/ros2_ws/src/RS2/visual/install/visual/share/visual/environment/path.dsv
-- Installing: /home/rhys/ros2_ws/src/RS2/visual/install/visual/share/visual/local_setup.bash
-- Installing: /home/rhys/ros2_ws/src/RS2/visual/install/visual/share/visual/local_setup.sh
-- Installing: /home/rhys/ros2_ws/src/RS2/visual/install/visual/share/visual/local_setup.zsh
-- Installing: /home/rhys/ros2_ws/src/RS2/visual/install/visual/share/visual/local_setup.dsv
-- Installing: /home/rhys/ros2_ws/src/RS2/visual/install/visual/share/visual/package.dsv
-- Installing: /home/rhys/ros2_ws/src/RS2/visual/install/visual/share/ament_index/resource_index/packages/visual
-- Installing: /home/rhys/ros2_ws/src/RS2/visual/install/visual/share/visual/cmake/visualConfig.cmake
-- Installing: /home/rhys/ros2_ws/src/RS2/visual/install/visual/share/visual/cmake/visualConfig-version.cmake
-- Installing: /home/rhys/ros2_ws/src/RS2/visual/install/visual/share/visual/package.xml
