[0.337s] DEBUG:colcon:Command line arguments: ['/usr/bin/colcon', 'build', '--packages-select', 'ur3_cartesian_motion']
[0.338s] DEBUG:colcon:Parsed command line arguments: Namespace(log_base=None, log_level=None, verb_name='build', build_base='build', install_base='install', merge_install=False, symlink_install=False, test_result_base=None, continue_on_error=False, executor='parallel', parallel_workers=2, event_handlers=None, ignore_user_meta=False, metas=['./colcon.meta'], base_paths=['.'], packages_ignore=None, packages_ignore_regex=None, paths=None, packages_up_to=None, packages_up_to_regex=None, packages_above=None, packages_above_and_dependencies=None, packages_above_depth=None, packages_select_by_dep=None, packages_skip_by_dep=None, packages_skip_up_to=None, packages_select_build_failed=False, packages_skip_build_finished=False, packages_select_test_failures=False, packages_skip_test_passed=False, packages_select=['ur3_cartesian_motion'], packages_skip=None, packages_select_regex=None, packages_skip_regex=None, packages_start=None, packages_end=None, allow_overriding=[], cmake_args=None, cmake_target=None, cmake_target_skip_unavailable=False, cmake_clean_cache=False, cmake_clean_first=False, cmake_force_configure=False, ament_cmake_args=None, catkin_cmake_args=None, catkin_skip_building_tests=False, mixin_files=None, mixin=None, verb_parser=<colcon_mixin.mixin.mixin_argument.MixinArgumentDecorator object at 0xffffac96de40>, verb_extension=<colcon_core.verb.build.BuildVerb object at 0xffffaca86e00>, main=<bound method BuildVerb.main of <colcon_core.verb.build.BuildVerb object at 0xffffaca86e00>>, mixin_verb=('build',))
[0.631s] Level 1:colcon.colcon_core.package_discovery:discover_packages(colcon_meta) check parameters
[0.632s] Level 1:colcon.colcon_core.package_discovery:discover_packages(recursive) check parameters
[0.632s] Level 1:colcon.colcon_core.package_discovery:discover_packages(ignore) check parameters
[0.632s] Level 1:colcon.colcon_core.package_discovery:discover_packages(path) check parameters
[0.632s] Level 1:colcon.colcon_core.package_discovery:discover_packages(colcon_meta) discover
[0.632s] Level 1:colcon.colcon_core.package_discovery:discover_packages(recursive) discover
[0.632s] INFO:colcon.colcon_core.package_discovery:Crawling recursively for packages in '/home/parallels/ros2_ws/src'
[0.632s] Level 1:colcon.colcon_core.package_identification:_identify(.) by extensions ['ignore', 'ignore_ament_install']
[0.632s] Level 1:colcon.colcon_core.package_identification:_identify(.) by extension 'ignore'
[0.632s] Level 1:colcon.colcon_core.package_identification:_identify(.) by extension 'ignore_ament_install'
[0.632s] Level 1:colcon.colcon_core.package_identification:_identify(.) by extensions ['colcon_pkg']
[0.632s] Level 1:colcon.colcon_core.package_identification:_identify(.) by extension 'colcon_pkg'
[0.632s] Level 1:colcon.colcon_core.package_identification:_identify(.) by extensions ['colcon_meta']
[0.632s] Level 1:colcon.colcon_core.package_identification:_identify(.) by extension 'colcon_meta'
[0.632s] Level 1:colcon.colcon_core.package_identification:_identify(.) by extensions ['ros']
[0.632s] Level 1:colcon.colcon_core.package_identification:_identify(.) by extension 'ros'
[0.647s] Level 1:colcon.colcon_core.package_identification:_identify(.) by extensions ['cmake', 'python']
[0.647s] Level 1:colcon.colcon_core.package_identification:_identify(.) by extension 'cmake'
[0.647s] Level 1:colcon.colcon_core.package_identification:_identify(.) by extension 'python'
[0.647s] Level 1:colcon.colcon_core.package_identification:_identify(.) by extensions ['python_setup_py']
[0.647s] Level 1:colcon.colcon_core.package_identification:_identify(.) by extension 'python_setup_py'
[0.648s] Level 1:colcon.colcon_core.package_identification:_identify(Universal_Robots_ROS2_GZ_Simulation) by extensions ['ignore', 'ignore_ament_install']
[0.648s] Level 1:colcon.colcon_core.package_identification:_identify(Universal_Robots_ROS2_GZ_Simulation) by extension 'ignore'
[0.648s] Level 1:colcon.colcon_core.package_identification:_identify(Universal_Robots_ROS2_GZ_Simulation) by extension 'ignore_ament_install'
[0.648s] Level 1:colcon.colcon_core.package_identification:_identify(Universal_Robots_ROS2_GZ_Simulation) by extensions ['colcon_pkg']
[0.648s] Level 1:colcon.colcon_core.package_identification:_identify(Universal_Robots_ROS2_GZ_Simulation) by extension 'colcon_pkg'
[0.648s] Level 1:colcon.colcon_core.package_identification:_identify(Universal_Robots_ROS2_GZ_Simulation) by extensions ['colcon_meta']
[0.648s] Level 1:colcon.colcon_core.package_identification:_identify(Universal_Robots_ROS2_GZ_Simulation) by extension 'colcon_meta'
[0.648s] Level 1:colcon.colcon_core.package_identification:_identify(Universal_Robots_ROS2_GZ_Simulation) by extensions ['ros']
[0.648s] Level 1:colcon.colcon_core.package_identification:_identify(Universal_Robots_ROS2_GZ_Simulation) by extension 'ros'
[0.648s] Level 1:colcon.colcon_core.package_identification:_identify(Universal_Robots_ROS2_GZ_Simulation) by extensions ['cmake', 'python']
[0.648s] Level 1:colcon.colcon_core.package_identification:_identify(Universal_Robots_ROS2_GZ_Simulation) by extension 'cmake'
[0.648s] Level 1:colcon.colcon_core.package_identification:_identify(Universal_Robots_ROS2_GZ_Simulation) by extension 'python'
[0.648s] Level 1:colcon.colcon_core.package_identification:_identify(Universal_Robots_ROS2_GZ_Simulation) by extensions ['python_setup_py']
[0.648s] Level 1:colcon.colcon_core.package_identification:_identify(Universal_Robots_ROS2_GZ_Simulation) by extension 'python_setup_py'
[0.649s] Level 1:colcon.colcon_core.package_identification:_identify(Universal_Robots_ROS2_GZ_Simulation/ur_simulation_gz) by extensions ['ignore', 'ignore_ament_install']
[0.649s] Level 1:colcon.colcon_core.package_identification:_identify(Universal_Robots_ROS2_GZ_Simulation/ur_simulation_gz) by extension 'ignore'
[0.649s] Level 1:colcon.colcon_core.package_identification:_identify(Universal_Robots_ROS2_GZ_Simulation/ur_simulation_gz) by extension 'ignore_ament_install'
[0.649s] Level 1:colcon.colcon_core.package_identification:_identify(Universal_Robots_ROS2_GZ_Simulation/ur_simulation_gz) by extensions ['colcon_pkg']
[0.649s] Level 1:colcon.colcon_core.package_identification:_identify(Universal_Robots_ROS2_GZ_Simulation/ur_simulation_gz) by extension 'colcon_pkg'
[0.649s] Level 1:colcon.colcon_core.package_identification:_identify(Universal_Robots_ROS2_GZ_Simulation/ur_simulation_gz) by extensions ['colcon_meta']
[0.649s] Level 1:colcon.colcon_core.package_identification:_identify(Universal_Robots_ROS2_GZ_Simulation/ur_simulation_gz) by extension 'colcon_meta'
[0.649s] Level 1:colcon.colcon_core.package_identification:_identify(Universal_Robots_ROS2_GZ_Simulation/ur_simulation_gz) by extensions ['ros']
[0.649s] Level 1:colcon.colcon_core.package_identification:_identify(Universal_Robots_ROS2_GZ_Simulation/ur_simulation_gz) by extension 'ros'
[0.655s] DEBUG:colcon.colcon_core.package_identification:Package 'Universal_Robots_ROS2_GZ_Simulation/ur_simulation_gz' with type 'ros.ament_cmake' and name 'ur_simulation_gz'
[0.656s] Level 1:colcon.colcon_core.package_identification:_identify(build) by extensions ['ignore', 'ignore_ament_install']
[0.656s] Level 1:colcon.colcon_core.package_identification:_identify(build) by extension 'ignore'
[0.656s] Level 1:colcon.colcon_core.package_identification:_identify(build) ignored
[0.656s] Level 1:colcon.colcon_core.package_identification:_identify(drink_memory) by extensions ['ignore', 'ignore_ament_install']
[0.656s] Level 1:colcon.colcon_core.package_identification:_identify(drink_memory) by extension 'ignore'
[0.656s] Level 1:colcon.colcon_core.package_identification:_identify(drink_memory) by extension 'ignore_ament_install'
[0.656s] Level 1:colcon.colcon_core.package_identification:_identify(drink_memory) by extensions ['colcon_pkg']
[0.656s] Level 1:colcon.colcon_core.package_identification:_identify(drink_memory) by extension 'colcon_pkg'
[0.656s] Level 1:colcon.colcon_core.package_identification:_identify(drink_memory) by extensions ['colcon_meta']
[0.656s] Level 1:colcon.colcon_core.package_identification:_identify(drink_memory) by extension 'colcon_meta'
[0.656s] Level 1:colcon.colcon_core.package_identification:_identify(drink_memory) by extensions ['ros']
[0.656s] Level 1:colcon.colcon_core.package_identification:_identify(drink_memory) by extension 'ros'
[0.658s] DEBUG:colcon.colcon_core.package_identification:Package 'drink_memory' with type 'ros.ament_python' and name 'drink_memory'
[0.658s] Level 1:colcon.colcon_core.package_identification:_identify(install) by extensions ['ignore', 'ignore_ament_install']
[0.658s] Level 1:colcon.colcon_core.package_identification:_identify(install) by extension 'ignore'
[0.658s] Level 1:colcon.colcon_core.package_identification:_identify(install) ignored
[0.658s] Level 1:colcon.colcon_core.package_identification:_identify(log) by extensions ['ignore', 'ignore_ament_install']
[0.658s] Level 1:colcon.colcon_core.package_identification:_identify(log) by extension 'ignore'
[0.658s] Level 1:colcon.colcon_core.package_identification:_identify(log) ignored
[0.658s] Level 1:colcon.colcon_core.package_identification:_identify(ur3_cartesian_motion) by extensions ['ignore', 'ignore_ament_install']
[0.658s] Level 1:colcon.colcon_core.package_identification:_identify(ur3_cartesian_motion) by extension 'ignore'
[0.658s] Level 1:colcon.colcon_core.package_identification:_identify(ur3_cartesian_motion) by extension 'ignore_ament_install'
[0.658s] Level 1:colcon.colcon_core.package_identification:_identify(ur3_cartesian_motion) by extensions ['colcon_pkg']
[0.658s] Level 1:colcon.colcon_core.package_identification:_identify(ur3_cartesian_motion) by extension 'colcon_pkg'
[0.658s] Level 1:colcon.colcon_core.package_identification:_identify(ur3_cartesian_motion) by extensions ['colcon_meta']
[0.658s] Level 1:colcon.colcon_core.package_identification:_identify(ur3_cartesian_motion) by extension 'colcon_meta'
[0.658s] Level 1:colcon.colcon_core.package_identification:_identify(ur3_cartesian_motion) by extensions ['ros']
[0.658s] Level 1:colcon.colcon_core.package_identification:_identify(ur3_cartesian_motion) by extension 'ros'
[0.660s] DEBUG:colcon.colcon_core.package_identification:Package 'ur3_cartesian_motion' with type 'ros.ament_cmake' and name 'ur3_cartesian_motion'
[0.660s] Level 1:colcon.colcon_core.package_discovery:discover_packages(recursive) using defaults
[0.660s] Level 1:colcon.colcon_core.package_discovery:discover_packages(ignore) discover
[0.660s] Level 1:colcon.colcon_core.package_discovery:discover_packages(ignore) using defaults
[0.660s] Level 1:colcon.colcon_core.package_discovery:discover_packages(path) discover
[0.660s] Level 1:colcon.colcon_core.package_discovery:discover_packages(path) using defaults
[0.706s] INFO:colcon.colcon_core.package_selection:Skipping not selected package 'drink_memory' in 'drink_memory'
[0.706s] INFO:colcon.colcon_core.package_selection:Skipping not selected package 'ur_simulation_gz' in 'Universal_Robots_ROS2_GZ_Simulation/ur_simulation_gz'
[0.707s] Level 1:colcon.colcon_core.package_discovery:discover_packages(prefix_path) check parameters
[0.707s] Level 1:colcon.colcon_core.package_discovery:discover_packages(prefix_path) discover
[0.710s] DEBUG:colcon.colcon_installed_package_information.package_discovery:Found 3 installed packages in /home/parallels/ros2_ws/install
[0.712s] DEBUG:colcon.colcon_installed_package_information.package_discovery:Found 1 installed packages in /home/parallels/ros2_ws/src/install
[0.713s] DEBUG:colcon.colcon_installed_package_information.package_discovery:Found 333 installed packages in /opt/ros/humble
[0.715s] Level 1:colcon.colcon_core.package_discovery:discover_packages(prefix_path) using defaults
[0.768s] Level 5:colcon.colcon_core.verb:set package 'ur3_cartesian_motion' build argument 'cmake_args' from command line to 'None'
[0.768s] Level 5:colcon.colcon_core.verb:set package 'ur3_cartesian_motion' build argument 'cmake_target' from command line to 'None'
[0.768s] Level 5:colcon.colcon_core.verb:set package 'ur3_cartesian_motion' build argument 'cmake_target_skip_unavailable' from command line to 'False'
[0.768s] Level 5:colcon.colcon_core.verb:set package 'ur3_cartesian_motion' build argument 'cmake_clean_cache' from command line to 'False'
[0.768s] Level 5:colcon.colcon_core.verb:set package 'ur3_cartesian_motion' build argument 'cmake_clean_first' from command line to 'False'
[0.768s] Level 5:colcon.colcon_core.verb:set package 'ur3_cartesian_motion' build argument 'cmake_force_configure' from command line to 'False'
[0.768s] Level 5:colcon.colcon_core.verb:set package 'ur3_cartesian_motion' build argument 'ament_cmake_args' from command line to 'None'
[0.768s] Level 5:colcon.colcon_core.verb:set package 'ur3_cartesian_motion' build argument 'catkin_cmake_args' from command line to 'None'
[0.768s] Level 5:colcon.colcon_core.verb:set package 'ur3_cartesian_motion' build argument 'catkin_skip_building_tests' from command line to 'False'
[0.768s] DEBUG:colcon.colcon_core.verb:Building package 'ur3_cartesian_motion' with the following arguments: {'ament_cmake_args': None, 'build_base': '/home/parallels/ros2_ws/src/build/ur3_cartesian_motion', 'catkin_cmake_args': None, 'catkin_skip_building_tests': False, 'cmake_args': None, 'cmake_clean_cache': False, 'cmake_clean_first': False, 'cmake_force_configure': False, 'cmake_target': None, 'cmake_target_skip_unavailable': False, 'install_base': '/home/parallels/ros2_ws/src/install/ur3_cartesian_motion', 'merge_install': False, 'path': '/home/parallels/ros2_ws/src/ur3_cartesian_motion', 'symlink_install': False, 'test_result_base': None}
[0.769s] INFO:colcon.colcon_core.executor:Executing jobs using 'parallel' executor
[0.769s] DEBUG:colcon.colcon_parallel_executor.executor.parallel:run_until_complete
[0.770s] INFO:colcon.colcon_ros.task.ament_cmake.build:Building ROS package in '/home/parallels/ros2_ws/src/ur3_cartesian_motion' with build type 'ament_cmake'
[0.770s] INFO:colcon.colcon_cmake.task.cmake.build:Building CMake package in '/home/parallels/ros2_ws/src/ur3_cartesian_motion'
[0.776s] INFO:colcon.colcon_core.plugin_system:Skipping extension 'colcon_core.shell.bat': Not used on non-Windows systems
[0.777s] INFO:colcon.colcon_core.shell:Skip shell extension 'powershell' for command environment: Not usable outside of PowerShell
[0.777s] DEBUG:colcon.colcon_core.shell:Skip shell extension 'dsv' for command environment
[0.791s] DEBUG:colcon.colcon_core.event_handler.log_command:Invoking command in '/home/parallels/ros2_ws/src/build/ur3_cartesian_motion': CMAKE_PREFIX_PATH=${CMAKE_PREFIX_PATH}:/home/parallels/ros2_ws/install/drink_memory:/opt/ros/humble /usr/bin/cmake --build /home/parallels/ros2_ws/src/build/ur3_cartesian_motion -- -j2 -l2
[26.518s] DEBUG:colcon.colcon_core.event_handler.log_command:Invoked command in '/home/parallels/ros2_ws/src/build/ur3_cartesian_motion' returned '0': CMAKE_PREFIX_PATH=${CMAKE_PREFIX_PATH}:/home/parallels/ros2_ws/install/drink_memory:/opt/ros/humble /usr/bin/cmake --build /home/parallels/ros2_ws/src/build/ur3_cartesian_motion -- -j2 -l2
[26.618s] DEBUG:colcon.colcon_core.event_handler.log_command:Invoking command in '/home/parallels/ros2_ws/src/build/ur3_cartesian_motion': CMAKE_PREFIX_PATH=${CMAKE_PREFIX_PATH}:/home/parallels/ros2_ws/install/drink_memory:/opt/ros/humble /usr/bin/cmake --install /home/parallels/ros2_ws/src/build/ur3_cartesian_motion
[26.643s] Level 1:colcon.colcon_core.environment:create_environment_scripts_only(ur3_cartesian_motion)
[26.649s] DEBUG:colcon.colcon_core.event_handler.log_command:Invoked command in '/home/parallels/ros2_ws/src/build/ur3_cartesian_motion' returned '0': CMAKE_PREFIX_PATH=${CMAKE_PREFIX_PATH}:/home/parallels/ros2_ws/install/drink_memory:/opt/ros/humble /usr/bin/cmake --install /home/parallels/ros2_ws/src/build/ur3_cartesian_motion
[26.705s] Level 1:colcon.colcon_core.environment:checking '/home/parallels/ros2_ws/src/install/ur3_cartesian_motion' for CMake module files
[26.706s] Level 1:colcon.colcon_core.environment:checking '/home/parallels/ros2_ws/src/install/ur3_cartesian_motion' for CMake config files
[26.708s] Level 1:colcon.colcon_core.shell:create_environment_hook('ur3_cartesian_motion', 'cmake_prefix_path')
[26.711s] INFO:colcon.colcon_core.shell:Creating environment hook '/home/parallels/ros2_ws/src/install/ur3_cartesian_motion/share/ur3_cartesian_motion/hook/cmake_prefix_path.ps1'
[26.729s] INFO:colcon.colcon_core.shell:Creating environment descriptor '/home/parallels/ros2_ws/src/install/ur3_cartesian_motion/share/ur3_cartesian_motion/hook/cmake_prefix_path.dsv'
[26.731s] INFO:colcon.colcon_core.shell:Creating environment hook '/home/parallels/ros2_ws/src/install/ur3_cartesian_motion/share/ur3_cartesian_motion/hook/cmake_prefix_path.sh'
[26.735s] Level 1:colcon.colcon_core.environment:checking '/home/parallels/ros2_ws/src/install/ur3_cartesian_motion/lib'
[26.736s] Level 1:colcon.colcon_core.environment:checking '/home/parallels/ros2_ws/src/install/ur3_cartesian_motion/bin'
[26.736s] Level 1:colcon.colcon_core.environment:checking '/home/parallels/ros2_ws/src/install/ur3_cartesian_motion/lib/pkgconfig/ur3_cartesian_motion.pc'
[26.743s] Level 1:colcon.colcon_core.environment:checking '/home/parallels/ros2_ws/src/install/ur3_cartesian_motion/lib/python3.10/site-packages'
[26.744s] Level 1:colcon.colcon_core.environment:checking '/home/parallels/ros2_ws/src/install/ur3_cartesian_motion/bin'
[26.745s] INFO:colcon.colcon_core.shell:Creating package script '/home/parallels/ros2_ws/src/install/ur3_cartesian_motion/share/ur3_cartesian_motion/package.ps1'
[26.747s] INFO:colcon.colcon_core.shell:Creating package descriptor '/home/parallels/ros2_ws/src/install/ur3_cartesian_motion/share/ur3_cartesian_motion/package.dsv'
[26.749s] INFO:colcon.colcon_core.shell:Creating package script '/home/parallels/ros2_ws/src/install/ur3_cartesian_motion/share/ur3_cartesian_motion/package.sh'
[26.751s] INFO:colcon.colcon_core.shell:Creating package script '/home/parallels/ros2_ws/src/install/ur3_cartesian_motion/share/ur3_cartesian_motion/package.bash'
[26.753s] INFO:colcon.colcon_core.shell:Creating package script '/home/parallels/ros2_ws/src/install/ur3_cartesian_motion/share/ur3_cartesian_motion/package.zsh'
[26.756s] Level 1:colcon.colcon_core.environment:create_file_with_runtime_dependencies(/home/parallels/ros2_ws/src/install/ur3_cartesian_motion/share/colcon-core/packages/ur3_cartesian_motion)
[26.766s] Level 1:colcon.colcon_core.environment:create_environment_scripts_only(ur3_cartesian_motion)
[26.766s] Level 1:colcon.colcon_core.environment:checking '/home/parallels/ros2_ws/src/install/ur3_cartesian_motion' for CMake module files
[26.767s] Level 1:colcon.colcon_core.environment:checking '/home/parallels/ros2_ws/src/install/ur3_cartesian_motion' for CMake config files
[26.767s] Level 1:colcon.colcon_core.shell:create_environment_hook('ur3_cartesian_motion', 'cmake_prefix_path')
[26.767s] INFO:colcon.colcon_core.shell:Creating environment hook '/home/parallels/ros2_ws/src/install/ur3_cartesian_motion/share/ur3_cartesian_motion/hook/cmake_prefix_path.ps1'
[26.768s] INFO:colcon.colcon_core.shell:Creating environment descriptor '/home/parallels/ros2_ws/src/install/ur3_cartesian_motion/share/ur3_cartesian_motion/hook/cmake_prefix_path.dsv'
[26.769s] INFO:colcon.colcon_core.shell:Creating environment hook '/home/parallels/ros2_ws/src/install/ur3_cartesian_motion/share/ur3_cartesian_motion/hook/cmake_prefix_path.sh'
[26.769s] Level 1:colcon.colcon_core.environment:checking '/home/parallels/ros2_ws/src/install/ur3_cartesian_motion/lib'
[26.770s] Level 1:colcon.colcon_core.environment:checking '/home/parallels/ros2_ws/src/install/ur3_cartesian_motion/bin'
[26.770s] Level 1:colcon.colcon_core.environment:checking '/home/parallels/ros2_ws/src/install/ur3_cartesian_motion/lib/pkgconfig/ur3_cartesian_motion.pc'
[26.770s] Level 1:colcon.colcon_core.environment:checking '/home/parallels/ros2_ws/src/install/ur3_cartesian_motion/lib/python3.10/site-packages'
[26.770s] Level 1:colcon.colcon_core.environment:checking '/home/parallels/ros2_ws/src/install/ur3_cartesian_motion/bin'
[26.771s] INFO:colcon.colcon_core.shell:Creating package script '/home/parallels/ros2_ws/src/install/ur3_cartesian_motion/share/ur3_cartesian_motion/package.ps1'
[26.771s] INFO:colcon.colcon_core.shell:Creating package descriptor '/home/parallels/ros2_ws/src/install/ur3_cartesian_motion/share/ur3_cartesian_motion/package.dsv'
[26.772s] INFO:colcon.colcon_core.shell:Creating package script '/home/parallels/ros2_ws/src/install/ur3_cartesian_motion/share/ur3_cartesian_motion/package.sh'
[26.774s] INFO:colcon.colcon_core.shell:Creating package script '/home/parallels/ros2_ws/src/install/ur3_cartesian_motion/share/ur3_cartesian_motion/package.bash'
[26.775s] INFO:colcon.colcon_core.shell:Creating package script '/home/parallels/ros2_ws/src/install/ur3_cartesian_motion/share/ur3_cartesian_motion/package.zsh'
[26.775s] Level 1:colcon.colcon_core.environment:create_file_with_runtime_dependencies(/home/parallels/ros2_ws/src/install/ur3_cartesian_motion/share/colcon-core/packages/ur3_cartesian_motion)
[26.780s] DEBUG:colcon.colcon_parallel_executor.executor.parallel:closing loop
[26.784s] DEBUG:colcon.colcon_parallel_executor.executor.parallel:loop closed
[26.784s] DEBUG:colcon.colcon_parallel_executor.executor.parallel:run_until_complete finished with '0'
[26.785s] DEBUG:colcon.colcon_core.event_reactor:joining thread
[26.865s] INFO:colcon.colcon_core.plugin_system:Skipping extension 'colcon_notification.desktop_notification.terminal_notifier': Not used on non-Darwin systems
[26.865s] INFO:colcon.colcon_core.plugin_system:Skipping extension 'colcon_notification.desktop_notification.win32': Not used on non-Windows systems
[26.865s] INFO:colcon.colcon_notification.desktop_notification:Sending desktop notification using 'notify2'
[27.373s] DEBUG:colcon.colcon_core.event_reactor:joined thread
[27.378s] INFO:colcon.colcon_core.shell:Creating prefix script '/home/parallels/ros2_ws/src/install/local_setup.ps1'
[27.380s] INFO:colcon.colcon_core.shell:Creating prefix util module '/home/parallels/ros2_ws/src/install/_local_setup_util_ps1.py'
[27.383s] INFO:colcon.colcon_core.shell:Creating prefix chain script '/home/parallels/ros2_ws/src/install/setup.ps1'
[27.388s] INFO:colcon.colcon_core.shell:Creating prefix script '/home/parallels/ros2_ws/src/install/local_setup.sh'
[27.390s] INFO:colcon.colcon_core.shell:Creating prefix util module '/home/parallels/ros2_ws/src/install/_local_setup_util_sh.py'
[27.391s] INFO:colcon.colcon_core.shell:Creating prefix chain script '/home/parallels/ros2_ws/src/install/setup.sh'
[27.392s] INFO:colcon.colcon_core.shell:Creating prefix script '/home/parallels/ros2_ws/src/install/local_setup.bash'
[27.393s] INFO:colcon.colcon_core.shell:Creating prefix chain script '/home/parallels/ros2_ws/src/install/setup.bash'
[27.395s] INFO:colcon.colcon_core.shell:Creating prefix script '/home/parallels/ros2_ws/src/install/local_setup.zsh'
[27.397s] INFO:colcon.colcon_core.shell:Creating prefix chain script '/home/parallels/ros2_ws/src/install/setup.zsh'
