[0.669s] DEBUG:colcon:Command line arguments: ['/usr/bin/colcon', 'build', '--packages-select', 'ur3_cartesian_motion', 'drink_memory']
[0.669s] DEBUG:colcon:Parsed command line arguments: Namespace(log_base=None, log_level=None, verb_name='build', build_base='build', install_base='install', merge_install=False, symlink_install=False, test_result_base=None, continue_on_error=False, executor='parallel', parallel_workers=2, event_handlers=None, ignore_user_meta=False, metas=['./colcon.meta'], base_paths=['.'], packages_ignore=None, packages_ignore_regex=None, paths=None, packages_up_to=None, packages_up_to_regex=None, packages_above=None, packages_above_and_dependencies=None, packages_above_depth=None, packages_select_by_dep=None, packages_skip_by_dep=None, packages_skip_up_to=None, packages_select_build_failed=False, packages_skip_build_finished=False, packages_select_test_failures=False, packages_skip_test_passed=False, packages_select=['ur3_cartesian_motion', 'drink_memory'], packages_skip=None, packages_select_regex=None, packages_skip_regex=None, packages_start=None, packages_end=None, allow_overriding=[], cmake_args=None, cmake_target=None, cmake_target_skip_unavailable=False, cmake_clean_cache=False, cmake_clean_first=False, cmake_force_configure=False, ament_cmake_args=None, catkin_cmake_args=None, catkin_skip_building_tests=False, mixin_files=None, mixin=None, verb_parser=<colcon_mixin.mixin.mixin_argument.MixinArgumentDecorator object at 0xffffae8dde70>, verb_extension=<colcon_core.verb.build.BuildVerb object at 0xffffae9f6e30>, main=<bound method BuildVerb.main of <colcon_core.verb.build.BuildVerb object at 0xffffae9f6e30>>, mixin_verb=('build',))
[1.701s] Level 1:colcon.colcon_core.package_discovery:discover_packages(colcon_meta) check parameters
[1.704s] Level 1:colcon.colcon_core.package_discovery:discover_packages(recursive) check parameters
[1.704s] Level 1:colcon.colcon_core.package_discovery:discover_packages(ignore) check parameters
[1.704s] Level 1:colcon.colcon_core.package_discovery:discover_packages(path) check parameters
[1.704s] Level 1:colcon.colcon_core.package_discovery:discover_packages(colcon_meta) discover
[1.705s] Level 1:colcon.colcon_core.package_discovery:discover_packages(recursive) discover
[1.705s] INFO:colcon.colcon_core.package_discovery:Crawling recursively for packages in '/home/parallels/ros2_ws/src/ur3_cartesian_motion'
[1.705s] Level 1:colcon.colcon_core.package_identification:_identify(.) by extensions ['ignore', 'ignore_ament_install']
[1.706s] Level 1:colcon.colcon_core.package_identification:_identify(.) by extension 'ignore'
[1.706s] Level 1:colcon.colcon_core.package_identification:_identify(.) by extension 'ignore_ament_install'
[1.706s] Level 1:colcon.colcon_core.package_identification:_identify(.) by extensions ['colcon_pkg']
[1.706s] Level 1:colcon.colcon_core.package_identification:_identify(.) by extension 'colcon_pkg'
[1.706s] Level 1:colcon.colcon_core.package_identification:_identify(.) by extensions ['colcon_meta']
[1.707s] Level 1:colcon.colcon_core.package_identification:_identify(.) by extension 'colcon_meta'
[1.707s] Level 1:colcon.colcon_core.package_identification:_identify(.) by extensions ['ros']
[1.707s] Level 1:colcon.colcon_core.package_identification:_identify(.) by extension 'ros'
[1.769s] DEBUG:colcon.colcon_core.package_identification:Package '.' with type 'ros.ament_cmake' and name 'ur3_cartesian_motion'
[1.769s] Level 1:colcon.colcon_core.package_discovery:discover_packages(recursive) using defaults
[1.769s] Level 1:colcon.colcon_core.package_discovery:discover_packages(ignore) discover
[1.769s] Level 1:colcon.colcon_core.package_discovery:discover_packages(ignore) using defaults
[1.769s] Level 1:colcon.colcon_core.package_discovery:discover_packages(path) discover
[1.769s] Level 1:colcon.colcon_core.package_discovery:discover_packages(path) using defaults
[1.770s] WARNING:colcon.colcon_core.package_selection:ignoring unknown package 'drink_memory' in --packages-select
[1.900s] Level 1:colcon.colcon_core.package_discovery:discover_packages(prefix_path) check parameters
[1.900s] Level 1:colcon.colcon_core.package_discovery:discover_packages(prefix_path) discover
[1.908s] DEBUG:colcon.colcon_installed_package_information.package_discovery:Found 1 installed packages in /home/parallels/ros2_ws/src/ur3_cartesian_motion/install
[1.912s] DEBUG:colcon.colcon_installed_package_information.package_discovery:Found 3 installed packages in /home/parallels/ros2_ws/install
[1.918s] DEBUG:colcon.colcon_installed_package_information.package_discovery:Found 333 installed packages in /opt/ros/humble
[1.920s] Level 1:colcon.colcon_core.package_discovery:discover_packages(prefix_path) using defaults
[2.176s] Level 5:colcon.colcon_core.verb:set package 'ur3_cartesian_motion' build argument 'cmake_args' from command line to 'None'
[2.176s] Level 5:colcon.colcon_core.verb:set package 'ur3_cartesian_motion' build argument 'cmake_target' from command line to 'None'
[2.176s] Level 5:colcon.colcon_core.verb:set package 'ur3_cartesian_motion' build argument 'cmake_target_skip_unavailable' from command line to 'False'
[2.177s] Level 5:colcon.colcon_core.verb:set package 'ur3_cartesian_motion' build argument 'cmake_clean_cache' from command line to 'False'
[2.177s] Level 5:colcon.colcon_core.verb:set package 'ur3_cartesian_motion' build argument 'cmake_clean_first' from command line to 'False'
[2.177s] Level 5:colcon.colcon_core.verb:set package 'ur3_cartesian_motion' build argument 'cmake_force_configure' from command line to 'False'
[2.177s] Level 5:colcon.colcon_core.verb:set package 'ur3_cartesian_motion' build argument 'ament_cmake_args' from command line to 'None'
[2.177s] Level 5:colcon.colcon_core.verb:set package 'ur3_cartesian_motion' build argument 'catkin_cmake_args' from command line to 'None'
[2.177s] Level 5:colcon.colcon_core.verb:set package 'ur3_cartesian_motion' build argument 'catkin_skip_building_tests' from command line to 'False'
[2.177s] DEBUG:colcon.colcon_core.verb:Building package 'ur3_cartesian_motion' with the following arguments: {'ament_cmake_args': None, 'build_base': '/home/parallels/ros2_ws/src/ur3_cartesian_motion/build/ur3_cartesian_motion', 'catkin_cmake_args': None, 'catkin_skip_building_tests': False, 'cmake_args': None, 'cmake_clean_cache': False, 'cmake_clean_first': False, 'cmake_force_configure': False, 'cmake_target': None, 'cmake_target_skip_unavailable': False, 'install_base': '/home/parallels/ros2_ws/src/ur3_cartesian_motion/install/ur3_cartesian_motion', 'merge_install': False, 'path': '/home/parallels/ros2_ws/src/ur3_cartesian_motion', 'symlink_install': False, 'test_result_base': None}
[2.177s] INFO:colcon.colcon_core.executor:Executing jobs using 'parallel' executor
[2.181s] DEBUG:colcon.colcon_parallel_executor.executor.parallel:run_until_complete
[2.183s] INFO:colcon.colcon_ros.task.ament_cmake.build:Building ROS package in '/home/parallels/ros2_ws/src/ur3_cartesian_motion' with build type 'ament_cmake'
[2.183s] INFO:colcon.colcon_cmake.task.cmake.build:Building CMake package in '/home/parallels/ros2_ws/src/ur3_cartesian_motion'
[2.202s] INFO:colcon.colcon_core.plugin_system:Skipping extension 'colcon_core.shell.bat': Not used on non-Windows systems
[2.202s] INFO:colcon.colcon_core.shell:Skip shell extension 'powershell' for command environment: Not usable outside of PowerShell
[2.203s] DEBUG:colcon.colcon_core.shell:Skip shell extension 'dsv' for command environment
[2.254s] DEBUG:colcon.colcon_core.event_handler.log_command:Invoking command in '/home/parallels/ros2_ws/src/ur3_cartesian_motion/build/ur3_cartesian_motion': CMAKE_PREFIX_PATH=${CMAKE_PREFIX_PATH}:/home/parallels/ros2_ws/install/drink_memory:/opt/ros/humble /usr/bin/cmake --build /home/parallels/ros2_ws/src/ur3_cartesian_motion/build/ur3_cartesian_motion -- -j2 -l2
[38.964s] DEBUG:colcon.colcon_core.event_handler.log_command:Invoked command in '/home/parallels/ros2_ws/src/ur3_cartesian_motion/build/ur3_cartesian_motion' returned '0': CMAKE_PREFIX_PATH=${CMAKE_PREFIX_PATH}:/home/parallels/ros2_ws/install/drink_memory:/opt/ros/humble /usr/bin/cmake --build /home/parallels/ros2_ws/src/ur3_cartesian_motion/build/ur3_cartesian_motion -- -j2 -l2
[39.070s] DEBUG:colcon.colcon_core.event_handler.log_command:Invoking command in '/home/parallels/ros2_ws/src/ur3_cartesian_motion/build/ur3_cartesian_motion': CMAKE_PREFIX_PATH=${CMAKE_PREFIX_PATH}:/home/parallels/ros2_ws/install/drink_memory:/opt/ros/humble /usr/bin/cmake --install /home/parallels/ros2_ws/src/ur3_cartesian_motion/build/ur3_cartesian_motion
[39.105s] Level 1:colcon.colcon_core.environment:create_environment_scripts_only(ur3_cartesian_motion)
[39.106s] DEBUG:colcon.colcon_core.event_handler.log_command:Invoked command in '/home/parallels/ros2_ws/src/ur3_cartesian_motion/build/ur3_cartesian_motion' returned '0': CMAKE_PREFIX_PATH=${CMAKE_PREFIX_PATH}:/home/parallels/ros2_ws/install/drink_memory:/opt/ros/humble /usr/bin/cmake --install /home/parallels/ros2_ws/src/ur3_cartesian_motion/build/ur3_cartesian_motion
[39.200s] Level 1:colcon.colcon_core.environment:checking '/home/parallels/ros2_ws/src/ur3_cartesian_motion/install/ur3_cartesian_motion' for CMake module files
[39.201s] Level 1:colcon.colcon_core.environment:checking '/home/parallels/ros2_ws/src/ur3_cartesian_motion/install/ur3_cartesian_motion' for CMake config files
[39.203s] Level 1:colcon.colcon_core.shell:create_environment_hook('ur3_cartesian_motion', 'cmake_prefix_path')
[39.209s] INFO:colcon.colcon_core.shell:Creating environment hook '/home/parallels/ros2_ws/src/ur3_cartesian_motion/install/ur3_cartesian_motion/share/ur3_cartesian_motion/hook/cmake_prefix_path.ps1'
[39.234s] INFO:colcon.colcon_core.shell:Creating environment descriptor '/home/parallels/ros2_ws/src/ur3_cartesian_motion/install/ur3_cartesian_motion/share/ur3_cartesian_motion/hook/cmake_prefix_path.dsv'
[39.236s] INFO:colcon.colcon_core.shell:Creating environment hook '/home/parallels/ros2_ws/src/ur3_cartesian_motion/install/ur3_cartesian_motion/share/ur3_cartesian_motion/hook/cmake_prefix_path.sh'
[39.242s] Level 1:colcon.colcon_core.environment:checking '/home/parallels/ros2_ws/src/ur3_cartesian_motion/install/ur3_cartesian_motion/lib'
[39.243s] Level 1:colcon.colcon_core.environment:checking '/home/parallels/ros2_ws/src/ur3_cartesian_motion/install/ur3_cartesian_motion/bin'
[39.243s] Level 1:colcon.colcon_core.environment:checking '/home/parallels/ros2_ws/src/ur3_cartesian_motion/install/ur3_cartesian_motion/lib/pkgconfig/ur3_cartesian_motion.pc'
[39.255s] Level 1:colcon.colcon_core.environment:checking '/home/parallels/ros2_ws/src/ur3_cartesian_motion/install/ur3_cartesian_motion/lib/python3.10/site-packages'
[39.256s] Level 1:colcon.colcon_core.environment:checking '/home/parallels/ros2_ws/src/ur3_cartesian_motion/install/ur3_cartesian_motion/bin'
[39.257s] INFO:colcon.colcon_core.shell:Creating package script '/home/parallels/ros2_ws/src/ur3_cartesian_motion/install/ur3_cartesian_motion/share/ur3_cartesian_motion/package.ps1'
[39.262s] INFO:colcon.colcon_core.shell:Creating package descriptor '/home/parallels/ros2_ws/src/ur3_cartesian_motion/install/ur3_cartesian_motion/share/ur3_cartesian_motion/package.dsv'
[39.266s] INFO:colcon.colcon_core.shell:Creating package script '/home/parallels/ros2_ws/src/ur3_cartesian_motion/install/ur3_cartesian_motion/share/ur3_cartesian_motion/package.sh'
[39.268s] INFO:colcon.colcon_core.shell:Creating package script '/home/parallels/ros2_ws/src/ur3_cartesian_motion/install/ur3_cartesian_motion/share/ur3_cartesian_motion/package.bash'
[39.272s] INFO:colcon.colcon_core.shell:Creating package script '/home/parallels/ros2_ws/src/ur3_cartesian_motion/install/ur3_cartesian_motion/share/ur3_cartesian_motion/package.zsh'
[39.279s] Level 1:colcon.colcon_core.environment:create_file_with_runtime_dependencies(/home/parallels/ros2_ws/src/ur3_cartesian_motion/install/ur3_cartesian_motion/share/colcon-core/packages/ur3_cartesian_motion)
[39.297s] Level 1:colcon.colcon_core.environment:create_environment_scripts_only(ur3_cartesian_motion)
[39.297s] Level 1:colcon.colcon_core.environment:checking '/home/parallels/ros2_ws/src/ur3_cartesian_motion/install/ur3_cartesian_motion' for CMake module files
[39.298s] Level 1:colcon.colcon_core.environment:checking '/home/parallels/ros2_ws/src/ur3_cartesian_motion/install/ur3_cartesian_motion' for CMake config files
[39.298s] Level 1:colcon.colcon_core.shell:create_environment_hook('ur3_cartesian_motion', 'cmake_prefix_path')
[39.298s] INFO:colcon.colcon_core.shell:Creating environment hook '/home/parallels/ros2_ws/src/ur3_cartesian_motion/install/ur3_cartesian_motion/share/ur3_cartesian_motion/hook/cmake_prefix_path.ps1'
[39.300s] INFO:colcon.colcon_core.shell:Creating environment descriptor '/home/parallels/ros2_ws/src/ur3_cartesian_motion/install/ur3_cartesian_motion/share/ur3_cartesian_motion/hook/cmake_prefix_path.dsv'
[39.300s] INFO:colcon.colcon_core.shell:Creating environment hook '/home/parallels/ros2_ws/src/ur3_cartesian_motion/install/ur3_cartesian_motion/share/ur3_cartesian_motion/hook/cmake_prefix_path.sh'
[39.302s] Level 1:colcon.colcon_core.environment:checking '/home/parallels/ros2_ws/src/ur3_cartesian_motion/install/ur3_cartesian_motion/lib'
[39.302s] Level 1:colcon.colcon_core.environment:checking '/home/parallels/ros2_ws/src/ur3_cartesian_motion/install/ur3_cartesian_motion/bin'
[39.302s] Level 1:colcon.colcon_core.environment:checking '/home/parallels/ros2_ws/src/ur3_cartesian_motion/install/ur3_cartesian_motion/lib/pkgconfig/ur3_cartesian_motion.pc'
[39.303s] Level 1:colcon.colcon_core.environment:checking '/home/parallels/ros2_ws/src/ur3_cartesian_motion/install/ur3_cartesian_motion/lib/python3.10/site-packages'
[39.303s] Level 1:colcon.colcon_core.environment:checking '/home/parallels/ros2_ws/src/ur3_cartesian_motion/install/ur3_cartesian_motion/bin'
[39.303s] INFO:colcon.colcon_core.shell:Creating package script '/home/parallels/ros2_ws/src/ur3_cartesian_motion/install/ur3_cartesian_motion/share/ur3_cartesian_motion/package.ps1'
[39.305s] INFO:colcon.colcon_core.shell:Creating package descriptor '/home/parallels/ros2_ws/src/ur3_cartesian_motion/install/ur3_cartesian_motion/share/ur3_cartesian_motion/package.dsv'
[39.306s] INFO:colcon.colcon_core.shell:Creating package script '/home/parallels/ros2_ws/src/ur3_cartesian_motion/install/ur3_cartesian_motion/share/ur3_cartesian_motion/package.sh'
[39.307s] INFO:colcon.colcon_core.shell:Creating package script '/home/parallels/ros2_ws/src/ur3_cartesian_motion/install/ur3_cartesian_motion/share/ur3_cartesian_motion/package.bash'
[39.307s] INFO:colcon.colcon_core.shell:Creating package script '/home/parallels/ros2_ws/src/ur3_cartesian_motion/install/ur3_cartesian_motion/share/ur3_cartesian_motion/package.zsh'
[39.308s] Level 1:colcon.colcon_core.environment:create_file_with_runtime_dependencies(/home/parallels/ros2_ws/src/ur3_cartesian_motion/install/ur3_cartesian_motion/share/colcon-core/packages/ur3_cartesian_motion)
[39.313s] DEBUG:colcon.colcon_parallel_executor.executor.parallel:closing loop
[39.319s] DEBUG:colcon.colcon_parallel_executor.executor.parallel:loop closed
[39.323s] DEBUG:colcon.colcon_parallel_executor.executor.parallel:run_until_complete finished with '0'
[39.324s] DEBUG:colcon.colcon_core.event_reactor:joining thread
[39.409s] INFO:colcon.colcon_core.plugin_system:Skipping extension 'colcon_notification.desktop_notification.terminal_notifier': Not used on non-Darwin systems
[39.409s] INFO:colcon.colcon_core.plugin_system:Skipping extension 'colcon_notification.desktop_notification.win32': Not used on non-Windows systems
[39.409s] INFO:colcon.colcon_notification.desktop_notification:Sending desktop notification using 'notify2'
[39.953s] DEBUG:colcon.colcon_core.event_reactor:joined thread
[39.959s] INFO:colcon.colcon_core.shell:Creating prefix script '/home/parallels/ros2_ws/src/ur3_cartesian_motion/install/local_setup.ps1'
[39.961s] INFO:colcon.colcon_core.shell:Creating prefix util module '/home/parallels/ros2_ws/src/ur3_cartesian_motion/install/_local_setup_util_ps1.py'
[39.964s] INFO:colcon.colcon_core.shell:Creating prefix chain script '/home/parallels/ros2_ws/src/ur3_cartesian_motion/install/setup.ps1'
[39.970s] INFO:colcon.colcon_core.shell:Creating prefix script '/home/parallels/ros2_ws/src/ur3_cartesian_motion/install/local_setup.sh'
[39.972s] INFO:colcon.colcon_core.shell:Creating prefix util module '/home/parallels/ros2_ws/src/ur3_cartesian_motion/install/_local_setup_util_sh.py'
[39.972s] INFO:colcon.colcon_core.shell:Creating prefix chain script '/home/parallels/ros2_ws/src/ur3_cartesian_motion/install/setup.sh'
[39.975s] INFO:colcon.colcon_core.shell:Creating prefix script '/home/parallels/ros2_ws/src/ur3_cartesian_motion/install/local_setup.bash'
[39.976s] INFO:colcon.colcon_core.shell:Creating prefix chain script '/home/parallels/ros2_ws/src/ur3_cartesian_motion/install/setup.bash'
[39.977s] INFO:colcon.colcon_core.shell:Creating prefix script '/home/parallels/ros2_ws/src/ur3_cartesian_motion/install/local_setup.zsh'
[39.978s] INFO:colcon.colcon_core.shell:Creating prefix chain script '/home/parallels/ros2_ws/src/ur3_cartesian_motion/install/setup.zsh'
