[0.018s] Invoking command in '/home/parallels/ros2_ws/src/ur3_cartesian_motion/build/ur3_cartesian_motion': CMAKE_PREFIX_PATH=${CMAKE_PREFIX_PATH}:/home/parallels/ros2_ws/install/drink_memory:/opt/ros/humble /usr/bin/cmake --build /home/parallels/ros2_ws/src/ur3_cartesian_motion/build/ur3_cartesian_motion -- -j2 -l2
[0.143s] -- Found ament_cmake: 1.3.11 (/opt/ros/humble/share/ament_cmake/cmake)
[0.455s] -- Found rclcpp: 16.0.11 (/opt/ros/humble/share/rclcpp/cmake)
[0.499s] -- Found rosidl_generator_c: 3.1.6 (/opt/ros/humble/share/rosidl_generator_c/cmake)
[0.504s] -- Found rosidl_adapter: 3.1.6 (/opt/ros/humble/share/rosidl_adapter/cmake)
[0.514s] -- Found rosidl_generator_cpp: 3.1.6 (/opt/ros/humble/share/rosidl_generator_cpp/cmake)
[0.529s] -- Using all available rosidl_typesupport_c: rosidl_typesupport_fastrtps_c;rosidl_typesupport_introspection_c
[0.550s] -- Using all available rosidl_typesupport_cpp: rosidl_typesupport_fastrtps_cpp;rosidl_typesupport_introspection_cpp
[0.585s] -- Found rmw_implementation_cmake: 6.1.2 (/opt/ros/humble/share/rmw_implementation_cmake/cmake)
[0.587s] -- Found rmw_fastrtps_cpp: 6.2.7 (/opt/ros/humble/share/rmw_fastrtps_cpp/cmake)
[0.698s] -- Using RMW implementation 'rmw_fastrtps_cpp' as default
[0.755s] -- Found geometry_msgs: 4.2.4 (/opt/ros/humble/share/geometry_msgs/cmake)
[0.769s] -- Found tf2_geometry_msgs: 0.25.12 (/opt/ros/humble/share/tf2_geometry_msgs/cmake)
[0.773s] -- Found eigen3_cmake_module: 0.1.1 (/opt/ros/humble/share/eigen3_cmake_module/cmake)
[0.774s] -- Ensuring Eigen3 include directory is part of orocos-kdl CMake target
[0.870s] -- Found moveit_core: 2.5.8 (/opt/ros/humble/share/moveit_core/cmake)
[0.887s] -- Found Boost: /usr/lib/aarch64-linux-gnu/cmake/Boost-1.74.0/BoostConfig.cmake (found version "1.74.0") found components: chrono date_time filesystem iostreams program_options regex serialization system thread 
[0.911s] -- Found parameter_traits: 0.4.0 (/opt/ros/humble/share/parameter_traits/cmake)
[0.922s] -- Found rclcpp_lifecycle: 16.0.11 (/opt/ros/humble/share/rclcpp_lifecycle/cmake)
[0.951s] -- Found Boost: /usr/lib/aarch64-linux-gnu/cmake/Boost-1.74.0/BoostConfig.cmake (found version "1.74.0") found components: filesystem 
[0.983s] -- library: /usr/lib/aarch64-linux-gnu/libcurl.so
[1.194s] -- Found moveit_ros_planning_interface: 2.5.8 (/opt/ros/humble/share/moveit_ros_planning_interface/cmake)
[1.199s] -- Found Boost: /usr/lib/aarch64-linux-gnu/cmake/Boost-1.74.0/BoostConfig.cmake (found version "1.74.0") found components: date_time filesystem program_options system thread 
[1.213s] -- Found Boost: /usr/lib/aarch64-linux-gnu/cmake/Boost-1.74.0/BoostConfig.cmake (found version "1.74.0") found components: system filesystem date_time program_options thread chrono 
[1.253s] -- Found Boost: /usr/lib/aarch64-linux-gnu/cmake/Boost-1.74.0/BoostConfig.cmake (found version "1.74.0") found components: thread system filesystem regex date_time program_options 
[1.277s] -- Found Boost: /usr/lib/aarch64-linux-gnu/cmake/Boost-1.74.0/BoostConfig.cmake (found version "1.74.0") found components: system filesystem date_time program_options thread 
[1.321s] [31mCMake Error at CMakeLists.txt:18 (find_package):
[1.321s]   By not providing "Findcustom_msgs.cmake" in CMAKE_MODULE_PATH this project
[1.321s]   has asked CMake to find a package configuration file provided by
[1.321s]   "custom_msgs", but CMake did not find one.
[1.321s] 
[1.321s]   Could not find a package configuration file provided by "custom_msgs" with
[1.321s]   any of the following names:
[1.322s] 
[1.322s]     custom_msgsConfig.cmake
[1.322s]     custom_msgs-config.cmake
[1.322s] 
[1.322s]   Add the installation prefix of "custom_msgs" to CMAKE_PREFIX_PATH or set
[1.322s]   "custom_msgs_DIR" to a directory containing one of the above files.  If
[1.322s]   "custom_msgs" provides a separate development package or SDK, be sure it
[1.322s]   has been installed.
[1.322s] 
[1.322s] [0m
[1.322s] -- Configuring incomplete, errors occurred!
[1.322s] See also "/home/parallels/ros2_ws/src/ur3_cartesian_motion/build/ur3_cartesian_motion/CMakeFiles/CMakeOutput.log".
[1.332s] gmake: *** [Makefile:267: cmake_check_build_system] Error 1
[1.337s] Invoked command in '/home/parallels/ros2_ws/src/ur3_cartesian_motion/build/ur3_cartesian_motion' returned '2': CMAKE_PREFIX_PATH=${CMAKE_PREFIX_PATH}:/home/parallels/ros2_ws/install/drink_memory:/opt/ros/humble /usr/bin/cmake --build /home/parallels/ros2_ws/src/ur3_cartesian_motion/build/ur3_cartesian_motion -- -j2 -l2
