[0.348s] [34mcolcon[0m [1;30mDEBUG[0m [32mCommand line arguments: ['/usr/bin/colcon', 'build', '--packages-select', 'visual'][0m
[0.348s] [34mcolcon[0m [1;30mDEBUG[0m [32mParsed command line arguments: Namespace(log_base=None, log_level=None, verb_name='build', build_base='build', install_base='install', merge_install=False, symlink_install=False, test_result_base=None, continue_on_error=False, executor='parallel', parallel_workers=16, event_handlers=None, ignore_user_meta=False, metas=['./colcon.meta'], base_paths=['.'], packages_ignore=None, packages_ignore_regex=None, paths=None, packages_up_to=None, packages_up_to_regex=None, packages_above=None, packages_above_and_dependencies=None, packages_above_depth=None, packages_select_by_dep=None, packages_skip_by_dep=None, packages_skip_up_to=None, packages_select_build_failed=False, packages_skip_build_finished=False, packages_select_test_failures=False, packages_skip_test_passed=False, packages_select=['visual'], packages_skip=None, packages_select_regex=None, packages_skip_regex=None, packages_start=None, packages_end=None, allow_overriding=[], cmake_args=None, cmake_target=None, cmake_target_skip_unavailable=False, cmake_clean_cache=False, cmake_clean_first=False, cmake_force_configure=False, ament_cmake_args=None, catkin_cmake_args=None, catkin_skip_building_tests=False, mixin_files=None, mixin=None, verb_parser=<colcon_mixin.mixin.mixin_argument.MixinArgumentDecorator object at 0x76b96f330040>, verb_extension=<colcon_core.verb.build.BuildVerb object at 0x76b96f2a4640>, main=<bound method BuildVerb.main of <colcon_core.verb.build.BuildVerb object at 0x76b96f2a4640>>, mixin_verb=('build',))[0m
[0.395s] [34mcolcon.colcon_core.package_discovery[0m [1;30mLevel 1[0m discover_packages(colcon_meta) check parameters
[0.395s] [34mcolcon.colcon_core.package_discovery[0m [1;30mLevel 1[0m discover_packages(recursive) check parameters
[0.395s] [34mcolcon.colcon_core.package_discovery[0m [1;30mLevel 1[0m discover_packages(ignore) check parameters
[0.395s] [34mcolcon.colcon_core.package_discovery[0m [1;30mLevel 1[0m discover_packages(path) check parameters
[0.395s] [34mcolcon.colcon_core.package_discovery[0m [1;30mLevel 1[0m discover_packages(colcon_meta) discover
[0.395s] [34mcolcon.colcon_core.package_discovery[0m [1;30mLevel 1[0m discover_packages(recursive) discover
[0.395s] [34mcolcon.colcon_core.package_discovery[0m [1;30mINFO[0m Crawling recursively for packages in '/home/rhys/ros2_ws/src/RS2/visual'
[0.395s] [34mcolcon.colcon_core.package_identification[0m [1;30mLevel 1[0m _identify(.) by extensions ['ignore', 'ignore_ament_install']
[0.395s] [34mcolcon.colcon_core.package_identification[0m [1;30mLevel 1[0m _identify(.) by extension 'ignore'
[0.396s] [34mcolcon.colcon_core.package_identification[0m [1;30mLevel 1[0m _identify(.) by extension 'ignore_ament_install'
[0.396s] [34mcolcon.colcon_core.package_identification[0m [1;30mLevel 1[0m _identify(.) by extensions ['colcon_pkg']
[0.396s] [34mcolcon.colcon_core.package_identification[0m [1;30mLevel 1[0m _identify(.) by extension 'colcon_pkg'
[0.396s] [34mcolcon.colcon_core.package_identification[0m [1;30mLevel 1[0m _identify(.) by extensions ['colcon_meta']
[0.396s] [34mcolcon.colcon_core.package_identification[0m [1;30mLevel 1[0m _identify(.) by extension 'colcon_meta'
[0.396s] [34mcolcon.colcon_core.package_identification[0m [1;30mLevel 1[0m _identify(.) by extensions ['ros']
[0.396s] [34mcolcon.colcon_core.package_identification[0m [1;30mLevel 1[0m _identify(.) by extension 'ros'
[0.425s] [34mcolcon.colcon_core.package_identification[0m [1;30mDEBUG[0m [32mPackage '.' with type 'ros.ament_cmake' and name 'visual'[0m
[0.425s] [34mcolcon.colcon_core.package_discovery[0m [1;30mLevel 1[0m discover_packages(recursive) using defaults
[0.425s] [34mcolcon.colcon_core.package_discovery[0m [1;30mLevel 1[0m discover_packages(ignore) discover
[0.425s] [34mcolcon.colcon_core.package_discovery[0m [1;30mLevel 1[0m discover_packages(ignore) using defaults
[0.425s] [34mcolcon.colcon_core.package_discovery[0m [1;30mLevel 1[0m discover_packages(path) discover
[0.425s] [34mcolcon.colcon_core.package_discovery[0m [1;30mLevel 1[0m discover_packages(path) using defaults
[0.454s] [34mcolcon.colcon_core.package_discovery[0m [1;30mLevel 1[0m discover_packages(prefix_path) check parameters
[0.454s] [34mcolcon.colcon_core.package_discovery[0m [1;30mLevel 1[0m discover_packages(prefix_path) discover
[0.463s] [34mcolcon.colcon_installed_package_information.package_discovery[0m [1;30mDEBUG[0m [32mFound 15 installed packages in /home/rhys/ros2_ws/install[0m
[0.467s] [34mcolcon.colcon_installed_package_information.package_discovery[0m [1;30mDEBUG[0m [32mFound 457 installed packages in /opt/ros/humble[0m
[0.468s] [34mcolcon.colcon_core.package_discovery[0m [1;30mLevel 1[0m discover_packages(prefix_path) using defaults
[0.647s] [34mcolcon.colcon_core.verb[0m [1;30mLevel 5[0m set package 'visual' build argument 'cmake_args' from command line to 'None'
[0.647s] [34mcolcon.colcon_core.verb[0m [1;30mLevel 5[0m set package 'visual' build argument 'cmake_target' from command line to 'None'
[0.647s] [34mcolcon.colcon_core.verb[0m [1;30mLevel 5[0m set package 'visual' build argument 'cmake_target_skip_unavailable' from command line to 'False'
[0.647s] [34mcolcon.colcon_core.verb[0m [1;30mLevel 5[0m set package 'visual' build argument 'cmake_clean_cache' from command line to 'False'
[0.647s] [34mcolcon.colcon_core.verb[0m [1;30mLevel 5[0m set package 'visual' build argument 'cmake_clean_first' from command line to 'False'
[0.647s] [34mcolcon.colcon_core.verb[0m [1;30mLevel 5[0m set package 'visual' build argument 'cmake_force_configure' from command line to 'False'
[0.647s] [34mcolcon.colcon_core.verb[0m [1;30mLevel 5[0m set package 'visual' build argument 'ament_cmake_args' from command line to 'None'
[0.647s] [34mcolcon.colcon_core.verb[0m [1;30mLevel 5[0m set package 'visual' build argument 'catkin_cmake_args' from command line to 'None'
[0.647s] [34mcolcon.colcon_core.verb[0m [1;30mLevel 5[0m set package 'visual' build argument 'catkin_skip_building_tests' from command line to 'False'
[0.647s] [34mcolcon.colcon_core.verb[0m [1;30mDEBUG[0m [32mBuilding package 'visual' with the following arguments: {'ament_cmake_args': None, 'build_base': '/home/rhys/ros2_ws/src/RS2/visual/build/visual', 'catkin_cmake_args': None, 'catkin_skip_building_tests': False, 'cmake_args': None, 'cmake_clean_cache': False, 'cmake_clean_first': False, 'cmake_force_configure': False, 'cmake_target': None, 'cmake_target_skip_unavailable': False, 'install_base': '/home/rhys/ros2_ws/src/RS2/visual/install/visual', 'merge_install': False, 'path': '/home/rhys/ros2_ws/src/RS2/visual', 'symlink_install': False, 'test_result_base': None}[0m
[0.647s] [34mcolcon.colcon_core.executor[0m [1;30mINFO[0m Executing jobs using 'parallel' executor
[0.648s] [34mcolcon.colcon_parallel_executor.executor.parallel[0m [1;30mDEBUG[0m [32mrun_until_complete[0m
[0.648s] [34mcolcon.colcon_ros.task.ament_cmake.build[0m [1;30mINFO[0m Building ROS package in '/home/rhys/ros2_ws/src/RS2/visual' with build type 'ament_cmake'
[0.648s] [34mcolcon.colcon_cmake.task.cmake.build[0m [1;30mINFO[0m Building CMake package in '/home/rhys/ros2_ws/src/RS2/visual'
[0.659s] [34mcolcon.colcon_core.plugin_system[0m [1;30mINFO[0m Skipping extension 'colcon_core.shell.bat': Not used on non-Windows systems
[0.659s] [34mcolcon.colcon_core.shell[0m [1;30mINFO[0m Skip shell extension 'powershell' for command environment: Not usable outside of PowerShell
[0.659s] [34mcolcon.colcon_core.shell[0m [1;30mDEBUG[0m [32mSkip shell extension 'dsv' for command environment[0m
[0.688s] [34mcolcon.colcon_core.event_handler.log_command[0m [1;30mDEBUG[0m [32mInvoking command in '/home/rhys/ros2_ws/src/RS2/visual/build/visual': CMAKE_PREFIX_PATH=${CMAKE_PREFIX_PATH}:/home/rhys/ros2_ws/install/turtlebot3_teleop:/home/rhys/ros2_ws/install/turtlebot3_example:/home/rhys/ros2_ws/install/drone_control:/opt/ros/humble /usr/bin/cmake /home/rhys/ros2_ws/src/RS2/visual -DCMAKE_INSTALL_PREFIX=/home/rhys/ros2_ws/src/RS2/visual/install/visual[0m
[1.567s] [34mcolcon.colcon_parallel_executor.executor.parallel[0m [1;30mDEBUG[0m [32mrun_until_complete was interrupted[0m
[1.568s] [34mcolcon.colcon_parallel_executor.executor.parallel[0m [1;30mDEBUG[0m [32mrun_until_complete again[0m
[1.570s] [34mcolcon.colcon_core.environment[0m [1;30mLevel 1[0m create_environment_scripts_only(visual)
[1.571s] [34mcolcon.colcon_core.event_handler.log_command[0m [1;30mDEBUG[0m [32mInvoked command in '/home/rhys/ros2_ws/src/RS2/visual/build/visual' returned '-2': CMAKE_PREFIX_PATH=${CMAKE_PREFIX_PATH}:/home/rhys/ros2_ws/install/turtlebot3_teleop:/home/rhys/ros2_ws/install/turtlebot3_example:/home/rhys/ros2_ws/install/drone_control:/opt/ros/humble /usr/bin/cmake /home/rhys/ros2_ws/src/RS2/visual -DCMAKE_INSTALL_PREFIX=/home/rhys/ros2_ws/src/RS2/visual/install/visual[0m
[1.611s] [34mcolcon.colcon_core.environment[0m [1;30mLevel 1[0m checking '/home/rhys/ros2_ws/src/RS2/visual/install/visual' for CMake module files
[1.612s] [34mcolcon.colcon_core.environment[0m [1;30mLevel 1[0m checking '/home/rhys/ros2_ws/src/RS2/visual/install/visual' for CMake config files
[1.612s] [34mcolcon.colcon_core.environment[0m [1;30mLevel 1[0m checking '/home/rhys/ros2_ws/src/RS2/visual/install/visual/bin'
[1.612s] [34mcolcon.colcon_core.environment[0m [1;30mLevel 1[0m checking '/home/rhys/ros2_ws/src/RS2/visual/install/visual/lib/pkgconfig/visual.pc'
[1.612s] [34mcolcon.colcon_core.environment[0m [1;30mLevel 1[0m checking '/home/rhys/ros2_ws/src/RS2/visual/install/visual/lib/python3.10/site-packages'
[1.612s] [34mcolcon.colcon_core.environment[0m [1;30mLevel 1[0m checking '/home/rhys/ros2_ws/src/RS2/visual/install/visual/bin'
[1.613s] [34mcolcon.colcon_core.shell[0m [1;30mINFO[0m Creating package script '/home/rhys/ros2_ws/src/RS2/visual/install/visual/share/visual/package.ps1'
[1.672s] [34mcolcon.colcon_core.shell[0m [1;30mINFO[0m Creating package descriptor '/home/rhys/ros2_ws/src/RS2/visual/install/visual/share/visual/package.dsv'
[1.673s] [34mcolcon.colcon_core.shell[0m [1;30mINFO[0m Creating package script '/home/rhys/ros2_ws/src/RS2/visual/install/visual/share/visual/package.sh'
[1.674s] [34mcolcon.colcon_core.shell[0m [1;30mINFO[0m Creating package script '/home/rhys/ros2_ws/src/RS2/visual/install/visual/share/visual/package.bash'
[1.692s] [34mcolcon.colcon_core.shell[0m [1;30mINFO[0m Creating package script '/home/rhys/ros2_ws/src/RS2/visual/install/visual/share/visual/package.zsh'
[1.911s] [34mcolcon.colcon_core.environment[0m [1;30mLevel 1[0m create_file_with_runtime_dependencies(/home/rhys/ros2_ws/src/RS2/visual/install/visual/share/colcon-core/packages/visual)
[1.922s] [34mcolcon.colcon_parallel_executor.executor.parallel[0m [1;30mDEBUG[0m [32mrun_until_complete finished[0m
[1.922s] [34mcolcon.colcon_parallel_executor.executor.parallel[0m [1;30mDEBUG[0m [32mclosing loop[0m
[1.922s] [34mcolcon.colcon_parallel_executor.executor.parallel[0m [1;30mDEBUG[0m [32mloop closed[0m
[1.923s] [34mcolcon.colcon_core.event_reactor[0m [1;30mDEBUG[0m [32mjoining thread[0m
[1.945s] [34mcolcon.colcon_core.plugin_system[0m [1;30mINFO[0m Skipping extension 'colcon_notification.desktop_notification.terminal_notifier': Not used on non-Darwin systems
[1.945s] [34mcolcon.colcon_core.plugin_system[0m [1;30mINFO[0m Skipping extension 'colcon_notification.desktop_notification.win32': Not used on non-Windows systems
[1.945s] [34mcolcon.colcon_notification.desktop_notification[0m [1;30mINFO[0m Sending desktop notification using 'notify2'
[1.959s] [34mcolcon.colcon_core.event_reactor[0m [1;30mDEBUG[0m [32mjoined thread[0m
[1.960s] [34mcolcon.colcon_core.shell[0m [1;30mINFO[0m Creating prefix script '/home/rhys/ros2_ws/src/RS2/visual/install/local_setup.ps1'
[1.979s] [34mcolcon.colcon_core.shell[0m [1;30mINFO[0m Creating prefix util module '/home/rhys/ros2_ws/src/RS2/visual/install/_local_setup_util_ps1.py'
[1.981s] [34mcolcon.colcon_core.shell[0m [1;30mINFO[0m Creating prefix chain script '/home/rhys/ros2_ws/src/RS2/visual/install/setup.ps1'
[1.983s] [34mcolcon.colcon_core.shell[0m [1;30mINFO[0m Creating prefix script '/home/rhys/ros2_ws/src/RS2/visual/install/local_setup.sh'
[1.985s] [34mcolcon.colcon_core.shell[0m [1;30mINFO[0m Creating prefix util module '/home/rhys/ros2_ws/src/RS2/visual/install/_local_setup_util_sh.py'
[1.985s] [34mcolcon.colcon_core.shell[0m [1;30mINFO[0m Creating prefix chain script '/home/rhys/ros2_ws/src/RS2/visual/install/setup.sh'
[1.998s] [34mcolcon.colcon_core.shell[0m [1;30mINFO[0m Creating prefix script '/home/rhys/ros2_ws/src/RS2/visual/install/local_setup.bash'
[2.001s] [34mcolcon.colcon_core.shell[0m [1;30mINFO[0m Creating prefix chain script '/home/rhys/ros2_ws/src/RS2/visual/install/setup.bash'
[2.004s] [34mcolcon.colcon_core.shell[0m [1;30mINFO[0m Creating prefix script '/home/rhys/ros2_ws/src/RS2/visual/install/local_setup.zsh'
[2.005s] [34mcolcon.colcon_core.shell[0m [1;30mINFO[0m Creating prefix chain script '/home/rhys/ros2_ws/src/RS2/visual/install/setup.zsh'
