[0.068s] Invoking command in '/home/parallels/ros2_ws/src/ur3_cartesian_motion/build/ur3_cartesian_motion': CMAKE_PREFIX_PATH=${CMAKE_PREFIX_PATH}:/home/parallels/ros2_ws/install/drink_memory:/opt/ros/humble /usr/bin/cmake --build /home/parallels/ros2_ws/src/ur3_cartesian_motion/build/ur3_cartesian_motion -- -j2 -l2
[0.618s] -- Found ament_cmake: 1.3.11 (/opt/ros/humble/share/ament_cmake/cmake)
[1.115s] -- Found rclcpp: 16.0.11 (/opt/ros/humble/share/rclcpp/cmake)
[1.290s] -- Found rosidl_generator_c: 3.1.6 (/opt/ros/humble/share/rosidl_generator_c/cmake)
[1.302s] -- Found rosidl_adapter: 3.1.6 (/opt/ros/humble/share/rosidl_adapter/cmake)
[1.330s] -- Found rosidl_generator_cpp: 3.1.6 (/opt/ros/humble/share/rosidl_generator_cpp/cmake)
[1.367s] -- Using all available rosidl_typesupport_c: rosidl_typesupport_fastrtps_c;rosidl_typesupport_introspection_c
[1.452s] -- Using all available rosidl_typesupport_cpp: rosidl_typesupport_fastrtps_cpp;rosidl_typesupport_introspection_cpp
[1.707s] -- Found rmw_implementation_cmake: 6.1.2 (/opt/ros/humble/share/rmw_implementation_cmake/cmake)
[1.711s] -- Found rmw_fastrtps_cpp: 6.2.7 (/opt/ros/humble/share/rmw_fastrtps_cpp/cmake)
[2.247s] -- Using RMW implementation 'rmw_fastrtps_cpp' as default
[2.460s] -- Found geometry_msgs: 4.2.4 (/opt/ros/humble/share/geometry_msgs/cmake)
[2.524s] -- Found tf2_geometry_msgs: 0.25.12 (/opt/ros/humble/share/tf2_geometry_msgs/cmake)
[2.537s] -- Found eigen3_cmake_module: 0.1.1 (/opt/ros/humble/share/eigen3_cmake_module/cmake)
[2.543s] -- Ensuring Eigen3 include directory is part of orocos-kdl CMake target
[2.837s] -- Found moveit_core: 2.5.8 (/opt/ros/humble/share/moveit_core/cmake)
[2.878s] -- Found Boost: /usr/lib/aarch64-linux-gnu/cmake/Boost-1.74.0/BoostConfig.cmake (found version "1.74.0") found components: chrono date_time filesystem iostreams program_options regex serialization system thread 
[2.919s] -- Found parameter_traits: 0.4.0 (/opt/ros/humble/share/parameter_traits/cmake)
[2.936s] -- Found rclcpp_lifecycle: 16.0.11 (/opt/ros/humble/share/rclcpp_lifecycle/cmake)
[3.004s] -- Found Boost: /usr/lib/aarch64-linux-gnu/cmake/Boost-1.74.0/BoostConfig.cmake (found version "1.74.0") found components: filesystem 
[3.064s] -- library: /usr/lib/aarch64-linux-gnu/libcurl.so
[3.415s] -- Found moveit_ros_planning_interface: 2.5.8 (/opt/ros/humble/share/moveit_ros_planning_interface/cmake)
[3.428s] -- Found Boost: /usr/lib/aarch64-linux-gnu/cmake/Boost-1.74.0/BoostConfig.cmake (found version "1.74.0") found components: date_time filesystem program_options system thread 
[3.460s] -- Found Boost: /usr/lib/aarch64-linux-gnu/cmake/Boost-1.74.0/BoostConfig.cmake (found version "1.74.0") found components: system filesystem date_time program_options thread chrono 
[3.535s] -- Found Boost: /usr/lib/aarch64-linux-gnu/cmake/Boost-1.74.0/BoostConfig.cmake (found version "1.74.0") found components: thread system filesystem regex date_time program_options 
[3.577s] -- Found Boost: /usr/lib/aarch64-linux-gnu/cmake/Boost-1.74.0/BoostConfig.cmake (found version "1.74.0") found components: system filesystem date_time program_options thread 
[3.785s] -- Configuring done
[3.890s] -- Generating done
[3.912s] -- Build files have been written to: /home/parallels/ros2_ws/src/ur3_cartesian_motion/build/ur3_cartesian_motion
[3.987s] [35m[1mConsolidate compiler generated dependencies of target ur3_cartesian_motion_node[0m
[4.046s] [ 50%] [32mBuilding CXX object CMakeFiles/ur3_cartesian_motion_node.dir/src/ur3_cartesian_motion_node.cpp.o[0m
[35.258s] [100%] [32m[1mLinking CXX executable ur3_cartesian_motion_node[0m
[36.564s] [100%] Built target ur3_cartesian_motion_node
[36.765s] Invoked command in '/home/parallels/ros2_ws/src/ur3_cartesian_motion/build/ur3_cartesian_motion' returned '0': CMAKE_PREFIX_PATH=${CMAKE_PREFIX_PATH}:/home/parallels/ros2_ws/install/drink_memory:/opt/ros/humble /usr/bin/cmake --build /home/parallels/ros2_ws/src/ur3_cartesian_motion/build/ur3_cartesian_motion -- -j2 -l2
[36.881s] Invoking command in '/home/parallels/ros2_ws/src/ur3_cartesian_motion/build/ur3_cartesian_motion': CMAKE_PREFIX_PATH=${CMAKE_PREFIX_PATH}:/home/parallels/ros2_ws/install/drink_memory:/opt/ros/humble /usr/bin/cmake --install /home/parallels/ros2_ws/src/ur3_cartesian_motion/build/ur3_cartesian_motion
[36.898s] -- Install configuration: ""
[36.898s] -- Installing: /home/parallels/ros2_ws/src/ur3_cartesian_motion/install/ur3_cartesian_motion/lib/ur3_cartesian_motion/ur3_cartesian_motion_node
[36.904s] -- Set runtime path of "/home/parallels/ros2_ws/src/ur3_cartesian_motion/install/ur3_cartesian_motion/lib/ur3_cartesian_motion/ur3_cartesian_motion_node" to ""
[36.904s] -- Installing: /home/parallels/ros2_ws/src/ur3_cartesian_motion/install/ur3_cartesian_motion/share/ament_index/resource_index/package_run_dependencies/ur3_cartesian_motion
[36.905s] -- Installing: /home/parallels/ros2_ws/src/ur3_cartesian_motion/install/ur3_cartesian_motion/share/ament_index/resource_index/parent_prefix_path/ur3_cartesian_motion
[36.908s] -- Up-to-date: /home/parallels/ros2_ws/src/ur3_cartesian_motion/install/ur3_cartesian_motion/share/ur3_cartesian_motion/environment/ament_prefix_path.sh
[36.908s] -- Installing: /home/parallels/ros2_ws/src/ur3_cartesian_motion/install/ur3_cartesian_motion/share/ur3_cartesian_motion/environment/ament_prefix_path.dsv
[36.909s] -- Up-to-date: /home/parallels/ros2_ws/src/ur3_cartesian_motion/install/ur3_cartesian_motion/share/ur3_cartesian_motion/environment/path.sh
[36.909s] -- Installing: /home/parallels/ros2_ws/src/ur3_cartesian_motion/install/ur3_cartesian_motion/share/ur3_cartesian_motion/environment/path.dsv
[36.910s] -- Up-to-date: /home/parallels/ros2_ws/src/ur3_cartesian_motion/install/ur3_cartesian_motion/share/ur3_cartesian_motion/local_setup.bash
[36.910s] -- Up-to-date: /home/parallels/ros2_ws/src/ur3_cartesian_motion/install/ur3_cartesian_motion/share/ur3_cartesian_motion/local_setup.sh
[36.910s] -- Up-to-date: /home/parallels/ros2_ws/src/ur3_cartesian_motion/install/ur3_cartesian_motion/share/ur3_cartesian_motion/local_setup.zsh
[36.910s] -- Installing: /home/parallels/ros2_ws/src/ur3_cartesian_motion/install/ur3_cartesian_motion/share/ur3_cartesian_motion/local_setup.dsv
[36.910s] -- Installing: /home/parallels/ros2_ws/src/ur3_cartesian_motion/install/ur3_cartesian_motion/share/ur3_cartesian_motion/package.dsv
[36.911s] -- Up-to-date: /home/parallels/ros2_ws/src/ur3_cartesian_motion/install/ur3_cartesian_motion/share/ament_index/resource_index/packages/ur3_cartesian_motion
[36.912s] -- Up-to-date: /home/parallels/ros2_ws/src/ur3_cartesian_motion/install/ur3_cartesian_motion/share/ur3_cartesian_motion/cmake/ur3_cartesian_motionConfig.cmake
[36.912s] -- Up-to-date: /home/parallels/ros2_ws/src/ur3_cartesian_motion/install/ur3_cartesian_motion/share/ur3_cartesian_motion/cmake/ur3_cartesian_motionConfig-version.cmake
[36.912s] -- Installing: /home/parallels/ros2_ws/src/ur3_cartesian_motion/install/ur3_cartesian_motion/share/ur3_cartesian_motion/package.xml
[36.920s] Invoked command in '/home/parallels/ros2_ws/src/ur3_cartesian_motion/build/ur3_cartesian_motion' returned '0': CMAKE_PREFIX_PATH=${CMAKE_PREFIX_PATH}:/home/parallels/ros2_ws/install/drink_memory:/opt/ros/humble /usr/bin/cmake --install /home/parallels/ros2_ws/src/ur3_cartesian_motion/build/ur3_cartesian_motion
