[0.020s] Invoking command in '/home/parallels/ros2_ws/src/build/ur3_cartesian_motion': CMAKE_PREFIX_PATH=${CMAKE_PREFIX_PATH}:/home/parallels/ros2_ws/install/drink_memory:/opt/ros/humble /usr/bin/cmake --build /home/parallels/ros2_ws/src/build/ur3_cartesian_motion -- -j2 -l2
[0.183s] -- Found ament_cmake: 1.3.11 (/opt/ros/humble/share/ament_cmake/cmake)
[0.360s] -- Found rclcpp: 16.0.11 (/opt/ros/humble/share/rclcpp/cmake)
[0.408s] -- Found rosidl_generator_c: 3.1.6 (/opt/ros/humble/share/rosidl_generator_c/cmake)
[0.412s] -- Found rosidl_adapter: 3.1.6 (/opt/ros/humble/share/rosidl_adapter/cmake)
[0.420s] -- Found rosidl_generator_cpp: 3.1.6 (/opt/ros/humble/share/rosidl_generator_cpp/cmake)
[0.434s] -- Using all available rosidl_typesupport_c: rosidl_typesupport_fastrtps_c;rosidl_typesupport_introspection_c
[0.450s] -- Using all available rosidl_typesupport_cpp: rosidl_typesupport_fastrtps_cpp;rosidl_typesupport_introspection_cpp
[0.501s] -- Found rmw_implementation_cmake: 6.1.2 (/opt/ros/humble/share/rmw_implementation_cmake/cmake)
[0.505s] -- Found rmw_fastrtps_cpp: 6.2.7 (/opt/ros/humble/share/rmw_fastrtps_cpp/cmake)
[0.625s] -- Using RMW implementation 'rmw_fastrtps_cpp' as default
[0.695s] -- Found geometry_msgs: 4.2.4 (/opt/ros/humble/share/geometry_msgs/cmake)
[0.711s] -- Found tf2_geometry_msgs: 0.25.12 (/opt/ros/humble/share/tf2_geometry_msgs/cmake)
[0.716s] -- Found eigen3_cmake_module: 0.1.1 (/opt/ros/humble/share/eigen3_cmake_module/cmake)
[0.717s] -- Ensuring Eigen3 include directory is part of orocos-kdl CMake target
[0.837s] -- Found moveit_core: 2.5.8 (/opt/ros/humble/share/moveit_core/cmake)
[0.861s] -- Found Boost: /usr/lib/aarch64-linux-gnu/cmake/Boost-1.74.0/BoostConfig.cmake (found version "1.74.0") found components: chrono date_time filesystem iostreams program_options regex serialization system thread 
[0.891s] -- Found parameter_traits: 0.4.0 (/opt/ros/humble/share/parameter_traits/cmake)
[0.902s] -- Found rclcpp_lifecycle: 16.0.11 (/opt/ros/humble/share/rclcpp_lifecycle/cmake)
[0.930s] -- Found Boost: /usr/lib/aarch64-linux-gnu/cmake/Boost-1.74.0/BoostConfig.cmake (found version "1.74.0") found components: filesystem 
[0.966s] -- library: /usr/lib/aarch64-linux-gnu/libcurl.so
[1.196s] -- Found moveit_ros_planning_interface: 2.5.8 (/opt/ros/humble/share/moveit_ros_planning_interface/cmake)
[1.202s] -- Found Boost: /usr/lib/aarch64-linux-gnu/cmake/Boost-1.74.0/BoostConfig.cmake (found version "1.74.0") found components: date_time filesystem program_options system thread 
[1.216s] -- Found Boost: /usr/lib/aarch64-linux-gnu/cmake/Boost-1.74.0/BoostConfig.cmake (found version "1.74.0") found components: system filesystem date_time program_options thread chrono 
[1.253s] -- Found Boost: /usr/lib/aarch64-linux-gnu/cmake/Boost-1.74.0/BoostConfig.cmake (found version "1.74.0") found components: thread system filesystem regex date_time program_options 
[1.277s] -- Found Boost: /usr/lib/aarch64-linux-gnu/cmake/Boost-1.74.0/BoostConfig.cmake (found version "1.74.0") found components: system filesystem date_time program_options thread 
[1.401s] -- Configuring done
[1.453s] -- Generating done
[1.463s] -- Build files have been written to: /home/parallels/ros2_ws/src/build/ur3_cartesian_motion
[1.500s] [35m[1mConsolidate compiler generated dependencies of target ur3_cartesian_motion_node[0m
[1.552s] [ 50%] [32mBuilding CXX object CMakeFiles/ur3_cartesian_motion_node.dir/src/ur3_cartesian_motion_node.cpp.o[0m
[24.614s] [100%] [32m[1mLinking CXX executable ur3_cartesian_motion_node[0m
[25.615s] [100%] Built target ur3_cartesian_motion_node
[25.735s] Invoked command in '/home/parallels/ros2_ws/src/build/ur3_cartesian_motion' returned '0': CMAKE_PREFIX_PATH=${CMAKE_PREFIX_PATH}:/home/parallels/ros2_ws/install/drink_memory:/opt/ros/humble /usr/bin/cmake --build /home/parallels/ros2_ws/src/build/ur3_cartesian_motion -- -j2 -l2
[25.848s] Invoking command in '/home/parallels/ros2_ws/src/build/ur3_cartesian_motion': CMAKE_PREFIX_PATH=${CMAKE_PREFIX_PATH}:/home/parallels/ros2_ws/install/drink_memory:/opt/ros/humble /usr/bin/cmake --install /home/parallels/ros2_ws/src/build/ur3_cartesian_motion
[25.855s] -- Install configuration: ""
[25.856s] -- Installing: /home/parallels/ros2_ws/src/install/ur3_cartesian_motion/lib/ur3_cartesian_motion/ur3_cartesian_motion_node
[25.860s] -- Set runtime path of "/home/parallels/ros2_ws/src/install/ur3_cartesian_motion/lib/ur3_cartesian_motion/ur3_cartesian_motion_node" to ""
[25.862s] -- Up-to-date: /home/parallels/ros2_ws/src/install/ur3_cartesian_motion/share/ament_index/resource_index/package_run_dependencies/ur3_cartesian_motion
[25.862s] -- Installing: /home/parallels/ros2_ws/src/install/ur3_cartesian_motion/share/ament_index/resource_index/parent_prefix_path/ur3_cartesian_motion
[25.864s] -- Up-to-date: /home/parallels/ros2_ws/src/install/ur3_cartesian_motion/share/ur3_cartesian_motion/environment/ament_prefix_path.sh
[25.864s] -- Installing: /home/parallels/ros2_ws/src/install/ur3_cartesian_motion/share/ur3_cartesian_motion/environment/ament_prefix_path.dsv
[25.865s] -- Up-to-date: /home/parallels/ros2_ws/src/install/ur3_cartesian_motion/share/ur3_cartesian_motion/environment/path.sh
[25.865s] -- Installing: /home/parallels/ros2_ws/src/install/ur3_cartesian_motion/share/ur3_cartesian_motion/environment/path.dsv
[25.865s] -- Up-to-date: /home/parallels/ros2_ws/src/install/ur3_cartesian_motion/share/ur3_cartesian_motion/local_setup.bash
[25.865s] -- Up-to-date: /home/parallels/ros2_ws/src/install/ur3_cartesian_motion/share/ur3_cartesian_motion/local_setup.sh
[25.865s] -- Up-to-date: /home/parallels/ros2_ws/src/install/ur3_cartesian_motion/share/ur3_cartesian_motion/local_setup.zsh
[25.865s] -- Installing: /home/parallels/ros2_ws/src/install/ur3_cartesian_motion/share/ur3_cartesian_motion/local_setup.dsv
[25.866s] -- Installing: /home/parallels/ros2_ws/src/install/ur3_cartesian_motion/share/ur3_cartesian_motion/package.dsv
[25.866s] -- Up-to-date: /home/parallels/ros2_ws/src/install/ur3_cartesian_motion/share/ament_index/resource_index/packages/ur3_cartesian_motion
[25.866s] -- Up-to-date: /home/parallels/ros2_ws/src/install/ur3_cartesian_motion/share/ur3_cartesian_motion/cmake/ur3_cartesian_motionConfig.cmake
[25.867s] -- Up-to-date: /home/parallels/ros2_ws/src/install/ur3_cartesian_motion/share/ur3_cartesian_motion/cmake/ur3_cartesian_motionConfig-version.cmake
[25.867s] -- Up-to-date: /home/parallels/ros2_ws/src/install/ur3_cartesian_motion/share/ur3_cartesian_motion/package.xml
[25.879s] Invoked command in '/home/parallels/ros2_ws/src/build/ur3_cartesian_motion' returned '0': CMAKE_PREFIX_PATH=${CMAKE_PREFIX_PATH}:/home/parallels/ros2_ws/install/drink_memory:/opt/ros/humble /usr/bin/cmake --install /home/parallels/ros2_ws/src/build/ur3_cartesian_motion
